2018-09-10 18:29:51: TypeError: middleware must be a function!
    at Application.use (D:\ysw_space\w_work\node_modules\koa\lib\application.js:105:41)
    at index (D:\ysw_space\w_work\app\index.js:57:9)
    at Object.<anonymous> (D:\ysw_space\w_work\app.js:5:1)
    at Module._compile (module.js:652:30)
    at Object.Module._extensions..js (module.js:663:10)
    at Module.load (module.js:565:32)
    at tryModuleLoad (module.js:505:12)
    at Function.Module._load (module.js:497:3)
    at Object.<anonymous> (C:\Users\杨树威\AppData\Roaming\npm\node_modules\pm2\lib\ProcessContainerFork.js:75:21)
    at Module._compile (module.js:652:30)
    at Object.Module._extensions..js (module.js:663:10)
    at Module.load (module.js:565:32)
    at tryModuleLoad (module.js:505:12)
    at Function.Module._load (module.js:497:3)
    at Function.Module.runMain (module.js:693:10)
    at startup (bootstrap_node.js:191:16)
2018-09-10 18:29:52: TypeError: middleware must be a function!
    at Application.use (D:\ysw_space\w_work\node_modules\koa\lib\application.js:105:41)
    at index (D:\ysw_space\w_work\app\index.js:57:9)
    at Object.<anonymous> (D:\ysw_space\w_work\app.js:5:1)
    at Module._compile (module.js:652:30)
    at Object.Module._extensions..js (module.js:663:10)
    at Module.load (module.js:565:32)
    at tryModuleLoad (module.js:505:12)
    at Function.Module._load (module.js:497:3)
    at Object.<anonymous> (C:\Users\杨树威\AppData\Roaming\npm\node_modules\pm2\lib\ProcessContainerFork.js:75:21)
    at Module._compile (module.js:652:30)
    at Object.Module._extensions..js (module.js:663:10)
    at Module.load (module.js:565:32)
    at tryModuleLoad (module.js:505:12)
    at Function.Module._load (module.js:497:3)
    at Function.Module.runMain (module.js:693:10)
    at startup (bootstrap_node.js:191:16)
2018-09-10 18:29:53: TypeError: middleware must be a function!
    at Application.use (D:\ysw_space\w_work\node_modules\koa\lib\application.js:105:41)
    at index (D:\ysw_space\w_work\app\index.js:57:9)
    at Object.<anonymous> (D:\ysw_space\w_work\app.js:5:1)
    at Module._compile (module.js:652:30)
    at Object.Module._extensions..js (module.js:663:10)
    at Module.load (module.js:565:32)
    at tryModuleLoad (module.js:505:12)
    at Function.Module._load (module.js:497:3)
    at Object.<anonymous> (C:\Users\杨树威\AppData\Roaming\npm\node_modules\pm2\lib\ProcessContainerFork.js:75:21)
    at Module._compile (module.js:652:30)
    at Object.Module._extensions..js (module.js:663:10)
    at Module.load (module.js:565:32)
    at tryModuleLoad (module.js:505:12)
    at Function.Module._load (module.js:497:3)
    at Function.Module.runMain (module.js:693:10)
    at startup (bootstrap_node.js:191:16)
2018-09-10 18:29:54: TypeError: middleware must be a function!
    at Application.use (D:\ysw_space\w_work\node_modules\koa\lib\application.js:105:41)
    at index (D:\ysw_space\w_work\app\index.js:57:9)
    at Object.<anonymous> (D:\ysw_space\w_work\app.js:5:1)
    at Module._compile (module.js:652:30)
    at Object.Module._extensions..js (module.js:663:10)
    at Module.load (module.js:565:32)
    at tryModuleLoad (module.js:505:12)
    at Function.Module._load (module.js:497:3)
    at Object.<anonymous> (C:\Users\杨树威\AppData\Roaming\npm\node_modules\pm2\lib\ProcessContainerFork.js:75:21)
    at Module._compile (module.js:652:30)
    at Object.Module._extensions..js (module.js:663:10)
    at Module.load (module.js:565:32)
    at tryModuleLoad (module.js:505:12)
    at Function.Module._load (module.js:497:3)
    at Function.Module.runMain (module.js:693:10)
    at startup (bootstrap_node.js:191:16)
2018-09-10 18:29:55: TypeError: middleware must be a function!
    at Application.use (D:\ysw_space\w_work\node_modules\koa\lib\application.js:105:41)
    at index (D:\ysw_space\w_work\app\index.js:57:9)
    at Object.<anonymous> (D:\ysw_space\w_work\app.js:5:1)
    at Module._compile (module.js:652:30)
    at Object.Module._extensions..js (module.js:663:10)
    at Module.load (module.js:565:32)
    at tryModuleLoad (module.js:505:12)
    at Function.Module._load (module.js:497:3)
    at Object.<anonymous> (C:\Users\杨树威\AppData\Roaming\npm\node_modules\pm2\lib\ProcessContainerFork.js:75:21)
    at Module._compile (module.js:652:30)
    at Object.Module._extensions..js (module.js:663:10)
    at Module.load (module.js:565:32)
    at tryModuleLoad (module.js:505:12)
    at Function.Module._load (module.js:497:3)
    at Function.Module.runMain (module.js:693:10)
    at startup (bootstrap_node.js:191:16)
2018-09-10 18:29:56: TypeError: middleware must be a function!
    at Application.use (D:\ysw_space\w_work\node_modules\koa\lib\application.js:105:41)
    at index (D:\ysw_space\w_work\app\index.js:57:9)
    at Object.<anonymous> (D:\ysw_space\w_work\app.js:5:1)
    at Module._compile (module.js:652:30)
    at Object.Module._extensions..js (module.js:663:10)
    at Module.load (module.js:565:32)
    at tryModuleLoad (module.js:505:12)
    at Function.Module._load (module.js:497:3)
    at Object.<anonymous> (C:\Users\杨树威\AppData\Roaming\npm\node_modules\pm2\lib\ProcessContainerFork.js:75:21)
    at Module._compile (module.js:652:30)
    at Object.Module._extensions..js (module.js:663:10)
    at Module.load (module.js:565:32)
    at tryModuleLoad (module.js:505:12)
    at Function.Module._load (module.js:497:3)
    at Function.Module.runMain (module.js:693:10)
    at startup (bootstrap_node.js:191:16)
2018-09-10 18:29:56: TypeError: middleware must be a function!
    at Application.use (D:\ysw_space\w_work\node_modules\koa\lib\application.js:105:41)
    at index (D:\ysw_space\w_work\app\index.js:57:9)
    at Object.<anonymous> (D:\ysw_space\w_work\app.js:5:1)
    at Module._compile (module.js:652:30)
    at Object.Module._extensions..js (module.js:663:10)
    at Module.load (module.js:565:32)
    at tryModuleLoad (module.js:505:12)
    at Function.Module._load (module.js:497:3)
    at Object.<anonymous> (C:\Users\杨树威\AppData\Roaming\npm\node_modules\pm2\lib\ProcessContainerFork.js:75:21)
    at Module._compile (module.js:652:30)
    at Object.Module._extensions..js (module.js:663:10)
    at Module.load (module.js:565:32)
    at tryModuleLoad (module.js:505:12)
    at Function.Module._load (module.js:497:3)
    at Function.Module.runMain (module.js:693:10)
    at startup (bootstrap_node.js:191:16)
2018-09-10 18:29:57: TypeError: middleware must be a function!
    at Application.use (D:\ysw_space\w_work\node_modules\koa\lib\application.js:105:41)
    at index (D:\ysw_space\w_work\app\index.js:57:9)
    at Object.<anonymous> (D:\ysw_space\w_work\app.js:5:1)
    at Module._compile (module.js:652:30)
    at Object.Module._extensions..js (module.js:663:10)
    at Module.load (module.js:565:32)
    at tryModuleLoad (module.js:505:12)
    at Function.Module._load (module.js:497:3)
    at Object.<anonymous> (C:\Users\杨树威\AppData\Roaming\npm\node_modules\pm2\lib\ProcessContainerFork.js:75:21)
    at Module._compile (module.js:652:30)
    at Object.Module._extensions..js (module.js:663:10)
    at Module.load (module.js:565:32)
    at tryModuleLoad (module.js:505:12)
    at Function.Module._load (module.js:497:3)
    at Function.Module.runMain (module.js:693:10)
    at startup (bootstrap_node.js:191:16)
2018-09-10 18:29:58: TypeError: middleware must be a function!
    at Application.use (D:\ysw_space\w_work\node_modules\koa\lib\application.js:105:41)
    at index (D:\ysw_space\w_work\app\index.js:57:9)
    at Object.<anonymous> (D:\ysw_space\w_work\app.js:5:1)
    at Module._compile (module.js:652:30)
    at Object.Module._extensions..js (module.js:663:10)
    at Module.load (module.js:565:32)
    at tryModuleLoad (module.js:505:12)
    at Function.Module._load (module.js:497:3)
    at Object.<anonymous> (C:\Users\杨树威\AppData\Roaming\npm\node_modules\pm2\lib\ProcessContainerFork.js:75:21)
    at Module._compile (module.js:652:30)
    at Object.Module._extensions..js (module.js:663:10)
    at Module.load (module.js:565:32)
    at tryModuleLoad (module.js:505:12)
    at Function.Module._load (module.js:497:3)
    at Function.Module.runMain (module.js:693:10)
    at startup (bootstrap_node.js:191:16)
2018-09-10 18:29:59: TypeError: middleware must be a function!
    at Application.use (D:\ysw_space\w_work\node_modules\koa\lib\application.js:105:41)
    at index (D:\ysw_space\w_work\app\index.js:57:9)
    at Object.<anonymous> (D:\ysw_space\w_work\app.js:5:1)
    at Module._compile (module.js:652:30)
    at Object.Module._extensions..js (module.js:663:10)
    at Module.load (module.js:565:32)
    at tryModuleLoad (module.js:505:12)
    at Function.Module._load (module.js:497:3)
    at Object.<anonymous> (C:\Users\杨树威\AppData\Roaming\npm\node_modules\pm2\lib\ProcessContainerFork.js:75:21)
    at Module._compile (module.js:652:30)
    at Object.Module._extensions..js (module.js:663:10)
    at Module.load (module.js:565:32)
    at tryModuleLoad (module.js:505:12)
    at Function.Module._load (module.js:497:3)
    at Function.Module.runMain (module.js:693:10)
    at startup (bootstrap_node.js:191:16)
2018-09-10 18:30:00: TypeError: middleware must be a function!
    at Application.use (D:\ysw_space\w_work\node_modules\koa\lib\application.js:105:41)
    at index (D:\ysw_space\w_work\app\index.js:57:9)
    at Object.<anonymous> (D:\ysw_space\w_work\app.js:5:1)
    at Module._compile (module.js:652:30)
    at Object.Module._extensions..js (module.js:663:10)
    at Module.load (module.js:565:32)
    at tryModuleLoad (module.js:505:12)
    at Function.Module._load (module.js:497:3)
    at Object.<anonymous> (C:\Users\杨树威\AppData\Roaming\npm\node_modules\pm2\lib\ProcessContainerFork.js:75:21)
    at Module._compile (module.js:652:30)
    at Object.Module._extensions..js (module.js:663:10)
    at Module.load (module.js:565:32)
    at tryModuleLoad (module.js:505:12)
    at Function.Module._load (module.js:497:3)
    at Function.Module.runMain (module.js:693:10)
    at startup (bootstrap_node.js:191:16)
2018-09-10 18:30:00: TypeError: middleware must be a function!
    at Application.use (D:\ysw_space\w_work\node_modules\koa\lib\application.js:105:41)
    at index (D:\ysw_space\w_work\app\index.js:57:9)
    at Object.<anonymous> (D:\ysw_space\w_work\app.js:5:1)
    at Module._compile (module.js:652:30)
    at Object.Module._extensions..js (module.js:663:10)
    at Module.load (module.js:565:32)
    at tryModuleLoad (module.js:505:12)
    at Function.Module._load (module.js:497:3)
    at Object.<anonymous> (C:\Users\杨树威\AppData\Roaming\npm\node_modules\pm2\lib\ProcessContainerFork.js:75:21)
    at Module._compile (module.js:652:30)
    at Object.Module._extensions..js (module.js:663:10)
    at Module.load (module.js:565:32)
    at tryModuleLoad (module.js:505:12)
    at Function.Module._load (module.js:497:3)
    at Function.Module.runMain (module.js:693:10)
    at startup (bootstrap_node.js:191:16)
2018-09-10 18:30:01: TypeError: middleware must be a function!
    at Application.use (D:\ysw_space\w_work\node_modules\koa\lib\application.js:105:41)
    at index (D:\ysw_space\w_work\app\index.js:57:9)
    at Object.<anonymous> (D:\ysw_space\w_work\app.js:5:1)
    at Module._compile (module.js:652:30)
    at Object.Module._extensions..js (module.js:663:10)
    at Module.load (module.js:565:32)
    at tryModuleLoad (module.js:505:12)
    at Function.Module._load (module.js:497:3)
    at Object.<anonymous> (C:\Users\杨树威\AppData\Roaming\npm\node_modules\pm2\lib\ProcessContainerFork.js:75:21)
    at Module._compile (module.js:652:30)
    at Object.Module._extensions..js (module.js:663:10)
    at Module.load (module.js:565:32)
    at tryModuleLoad (module.js:505:12)
    at Function.Module._load (module.js:497:3)
    at Function.Module.runMain (module.js:693:10)
    at startup (bootstrap_node.js:191:16)
2018-09-10 18:30:02: TypeError: middleware must be a function!
    at Application.use (D:\ysw_space\w_work\node_modules\koa\lib\application.js:105:41)
    at index (D:\ysw_space\w_work\app\index.js:57:9)
    at Object.<anonymous> (D:\ysw_space\w_work\app.js:5:1)
    at Module._compile (module.js:652:30)
    at Object.Module._extensions..js (module.js:663:10)
    at Module.load (module.js:565:32)
    at tryModuleLoad (module.js:505:12)
    at Function.Module._load (module.js:497:3)
    at Object.<anonymous> (C:\Users\杨树威\AppData\Roaming\npm\node_modules\pm2\lib\ProcessContainerFork.js:75:21)
    at Module._compile (module.js:652:30)
    at Object.Module._extensions..js (module.js:663:10)
    at Module.load (module.js:565:32)
    at tryModuleLoad (module.js:505:12)
    at Function.Module._load (module.js:497:3)
    at Function.Module.runMain (module.js:693:10)
    at startup (bootstrap_node.js:191:16)
2018-09-10 18:30:03: TypeError: middleware must be a function!
    at Application.use (D:\ysw_space\w_work\node_modules\koa\lib\application.js:105:41)
    at index (D:\ysw_space\w_work\app\index.js:57:9)
    at Object.<anonymous> (D:\ysw_space\w_work\app.js:5:1)
    at Module._compile (module.js:652:30)
    at Object.Module._extensions..js (module.js:663:10)
    at Module.load (module.js:565:32)
    at tryModuleLoad (module.js:505:12)
    at Function.Module._load (module.js:497:3)
    at Object.<anonymous> (C:\Users\杨树威\AppData\Roaming\npm\node_modules\pm2\lib\ProcessContainerFork.js:75:21)
    at Module._compile (module.js:652:30)
    at Object.Module._extensions..js (module.js:663:10)
    at Module.load (module.js:565:32)
    at tryModuleLoad (module.js:505:12)
    at Function.Module._load (module.js:497:3)
    at Function.Module.runMain (module.js:693:10)
    at startup (bootstrap_node.js:191:16)
2018-09-10 18:30:04: TypeError: middleware must be a function!
    at Application.use (D:\ysw_space\w_work\node_modules\koa\lib\application.js:105:41)
    at index (D:\ysw_space\w_work\app\index.js:57:9)
    at Object.<anonymous> (D:\ysw_space\w_work\app.js:5:1)
    at Module._compile (module.js:652:30)
    at Object.Module._extensions..js (module.js:663:10)
    at Module.load (module.js:565:32)
    at tryModuleLoad (module.js:505:12)
    at Function.Module._load (module.js:497:3)
    at Object.<anonymous> (C:\Users\杨树威\AppData\Roaming\npm\node_modules\pm2\lib\ProcessContainerFork.js:75:21)
    at Module._compile (module.js:652:30)
    at Object.Module._extensions..js (module.js:663:10)
    at Module.load (module.js:565:32)
    at tryModuleLoad (module.js:505:12)
    at Function.Module._load (module.js:497:3)
    at Function.Module.runMain (module.js:693:10)
    at startup (bootstrap_node.js:191:16)
2018-09-10 18:30:32: ReferenceError: status is not defined
    at index (D:\ysw_space\w_work\app\index.js:57:13)
    at Object.<anonymous> (D:\ysw_space\w_work\app.js:5:1)
    at Module._compile (module.js:652:30)
    at Object.Module._extensions..js (module.js:663:10)
    at Module.load (module.js:565:32)
    at tryModuleLoad (module.js:505:12)
    at Function.Module._load (module.js:497:3)
    at Object.<anonymous> (C:\Users\杨树威\AppData\Roaming\npm\node_modules\pm2\lib\ProcessContainerFork.js:75:21)
    at Module._compile (module.js:652:30)
    at Object.Module._extensions..js (module.js:663:10)
    at Module.load (module.js:565:32)
    at tryModuleLoad (module.js:505:12)
    at Function.Module._load (module.js:497:3)
    at Function.Module.runMain (module.js:693:10)
    at startup (bootstrap_node.js:191:16)
    at bootstrap_node.js:612:3
2018-09-10 18:30:33: ReferenceError: status is not defined
    at index (D:\ysw_space\w_work\app\index.js:57:13)
    at Object.<anonymous> (D:\ysw_space\w_work\app.js:5:1)
    at Module._compile (module.js:652:30)
    at Object.Module._extensions..js (module.js:663:10)
    at Module.load (module.js:565:32)
    at tryModuleLoad (module.js:505:12)
    at Function.Module._load (module.js:497:3)
    at Object.<anonymous> (C:\Users\杨树威\AppData\Roaming\npm\node_modules\pm2\lib\ProcessContainerFork.js:75:21)
    at Module._compile (module.js:652:30)
    at Object.Module._extensions..js (module.js:663:10)
    at Module.load (module.js:565:32)
    at tryModuleLoad (module.js:505:12)
    at Function.Module._load (module.js:497:3)
    at Function.Module.runMain (module.js:693:10)
    at startup (bootstrap_node.js:191:16)
    at bootstrap_node.js:612:3
2018-09-10 18:30:34: ReferenceError: status is not defined
    at index (D:\ysw_space\w_work\app\index.js:57:13)
    at Object.<anonymous> (D:\ysw_space\w_work\app.js:5:1)
    at Module._compile (module.js:652:30)
    at Object.Module._extensions..js (module.js:663:10)
    at Module.load (module.js:565:32)
    at tryModuleLoad (module.js:505:12)
    at Function.Module._load (module.js:497:3)
    at Object.<anonymous> (C:\Users\杨树威\AppData\Roaming\npm\node_modules\pm2\lib\ProcessContainerFork.js:75:21)
    at Module._compile (module.js:652:30)
    at Object.Module._extensions..js (module.js:663:10)
    at Module.load (module.js:565:32)
    at tryModuleLoad (module.js:505:12)
    at Function.Module._load (module.js:497:3)
    at Function.Module.runMain (module.js:693:10)
    at startup (bootstrap_node.js:191:16)
    at bootstrap_node.js:612:3
2018-09-10 18:30:35: ReferenceError: status is not defined
    at index (D:\ysw_space\w_work\app\index.js:57:13)
    at Object.<anonymous> (D:\ysw_space\w_work\app.js:5:1)
    at Module._compile (module.js:652:30)
    at Object.Module._extensions..js (module.js:663:10)
    at Module.load (module.js:565:32)
    at tryModuleLoad (module.js:505:12)
    at Function.Module._load (module.js:497:3)
    at Object.<anonymous> (C:\Users\杨树威\AppData\Roaming\npm\node_modules\pm2\lib\ProcessContainerFork.js:75:21)
    at Module._compile (module.js:652:30)
    at Object.Module._extensions..js (module.js:663:10)
    at Module.load (module.js:565:32)
    at tryModuleLoad (module.js:505:12)
    at Function.Module._load (module.js:497:3)
    at Function.Module.runMain (module.js:693:10)
    at startup (bootstrap_node.js:191:16)
    at bootstrap_node.js:612:3
2018-09-10 18:30:35: ReferenceError: status is not defined
    at index (D:\ysw_space\w_work\app\index.js:57:13)
    at Object.<anonymous> (D:\ysw_space\w_work\app.js:5:1)
    at Module._compile (module.js:652:30)
    at Object.Module._extensions..js (module.js:663:10)
    at Module.load (module.js:565:32)
    at tryModuleLoad (module.js:505:12)
    at Function.Module._load (module.js:497:3)
    at Object.<anonymous> (C:\Users\杨树威\AppData\Roaming\npm\node_modules\pm2\lib\ProcessContainerFork.js:75:21)
    at Module._compile (module.js:652:30)
    at Object.Module._extensions..js (module.js:663:10)
    at Module.load (module.js:565:32)
    at tryModuleLoad (module.js:505:12)
    at Function.Module._load (module.js:497:3)
    at Function.Module.runMain (module.js:693:10)
    at startup (bootstrap_node.js:191:16)
    at bootstrap_node.js:612:3
2018-09-10 18:30:36: ReferenceError: status is not defined
    at index (D:\ysw_space\w_work\app\index.js:57:13)
    at Object.<anonymous> (D:\ysw_space\w_work\app.js:5:1)
    at Module._compile (module.js:652:30)
    at Object.Module._extensions..js (module.js:663:10)
    at Module.load (module.js:565:32)
    at tryModuleLoad (module.js:505:12)
    at Function.Module._load (module.js:497:3)
    at Object.<anonymous> (C:\Users\杨树威\AppData\Roaming\npm\node_modules\pm2\lib\ProcessContainerFork.js:75:21)
    at Module._compile (module.js:652:30)
    at Object.Module._extensions..js (module.js:663:10)
    at Module.load (module.js:565:32)
    at tryModuleLoad (module.js:505:12)
    at Function.Module._load (module.js:497:3)
    at Function.Module.runMain (module.js:693:10)
    at startup (bootstrap_node.js:191:16)
    at bootstrap_node.js:612:3
2018-09-10 18:30:37: ReferenceError: status is not defined
    at index (D:\ysw_space\w_work\app\index.js:57:13)
    at Object.<anonymous> (D:\ysw_space\w_work\app.js:5:1)
    at Module._compile (module.js:652:30)
    at Object.Module._extensions..js (module.js:663:10)
    at Module.load (module.js:565:32)
    at tryModuleLoad (module.js:505:12)
    at Function.Module._load (module.js:497:3)
    at Object.<anonymous> (C:\Users\杨树威\AppData\Roaming\npm\node_modules\pm2\lib\ProcessContainerFork.js:75:21)
    at Module._compile (module.js:652:30)
    at Object.Module._extensions..js (module.js:663:10)
    at Module.load (module.js:565:32)
    at tryModuleLoad (module.js:505:12)
    at Function.Module._load (module.js:497:3)
    at Function.Module.runMain (module.js:693:10)
    at startup (bootstrap_node.js:191:16)
    at bootstrap_node.js:612:3
2018-09-10 18:30:38: ReferenceError: status is not defined
    at index (D:\ysw_space\w_work\app\index.js:57:13)
    at Object.<anonymous> (D:\ysw_space\w_work\app.js:5:1)
    at Module._compile (module.js:652:30)
    at Object.Module._extensions..js (module.js:663:10)
    at Module.load (module.js:565:32)
    at tryModuleLoad (module.js:505:12)
    at Function.Module._load (module.js:497:3)
    at Object.<anonymous> (C:\Users\杨树威\AppData\Roaming\npm\node_modules\pm2\lib\ProcessContainerFork.js:75:21)
    at Module._compile (module.js:652:30)
    at Object.Module._extensions..js (module.js:663:10)
    at Module.load (module.js:565:32)
    at tryModuleLoad (module.js:505:12)
    at Function.Module._load (module.js:497:3)
    at Function.Module.runMain (module.js:693:10)
    at startup (bootstrap_node.js:191:16)
    at bootstrap_node.js:612:3
2018-09-10 18:30:39: ReferenceError: status is not defined
    at index (D:\ysw_space\w_work\app\index.js:57:13)
    at Object.<anonymous> (D:\ysw_space\w_work\app.js:5:1)
    at Module._compile (module.js:652:30)
    at Object.Module._extensions..js (module.js:663:10)
    at Module.load (module.js:565:32)
    at tryModuleLoad (module.js:505:12)
    at Function.Module._load (module.js:497:3)
    at Object.<anonymous> (C:\Users\杨树威\AppData\Roaming\npm\node_modules\pm2\lib\ProcessContainerFork.js:75:21)
    at Module._compile (module.js:652:30)
    at Object.Module._extensions..js (module.js:663:10)
    at Module.load (module.js:565:32)
    at tryModuleLoad (module.js:505:12)
    at Function.Module._load (module.js:497:3)
    at Function.Module.runMain (module.js:693:10)
    at startup (bootstrap_node.js:191:16)
    at bootstrap_node.js:612:3
2018-09-10 18:30:39: ReferenceError: status is not defined
    at index (D:\ysw_space\w_work\app\index.js:57:13)
    at Object.<anonymous> (D:\ysw_space\w_work\app.js:5:1)
    at Module._compile (module.js:652:30)
    at Object.Module._extensions..js (module.js:663:10)
    at Module.load (module.js:565:32)
    at tryModuleLoad (module.js:505:12)
    at Function.Module._load (module.js:497:3)
    at Object.<anonymous> (C:\Users\杨树威\AppData\Roaming\npm\node_modules\pm2\lib\ProcessContainerFork.js:75:21)
    at Module._compile (module.js:652:30)
    at Object.Module._extensions..js (module.js:663:10)
    at Module.load (module.js:565:32)
    at tryModuleLoad (module.js:505:12)
    at Function.Module._load (module.js:497:3)
    at Function.Module.runMain (module.js:693:10)
    at startup (bootstrap_node.js:191:16)
    at bootstrap_node.js:612:3
2018-09-10 18:30:40: ReferenceError: status is not defined
    at index (D:\ysw_space\w_work\app\index.js:57:13)
    at Object.<anonymous> (D:\ysw_space\w_work\app.js:5:1)
    at Module._compile (module.js:652:30)
    at Object.Module._extensions..js (module.js:663:10)
    at Module.load (module.js:565:32)
    at tryModuleLoad (module.js:505:12)
    at Function.Module._load (module.js:497:3)
    at Object.<anonymous> (C:\Users\杨树威\AppData\Roaming\npm\node_modules\pm2\lib\ProcessContainerFork.js:75:21)
    at Module._compile (module.js:652:30)
    at Object.Module._extensions..js (module.js:663:10)
    at Module.load (module.js:565:32)
    at tryModuleLoad (module.js:505:12)
    at Function.Module._load (module.js:497:3)
    at Function.Module.runMain (module.js:693:10)
    at startup (bootstrap_node.js:191:16)
    at bootstrap_node.js:612:3
