2018-09-10 18:14:39: [Function]
2018-09-10 18:14:39: http://mobiletest.ehaier.com:38080/sg/cms/revision/getCategory.json
2018-09-10 18:14:39: 服务启动 localhost:38080||环境：test
2018-09-10 18:22:36: 请求url-> http://mobiletest.ehaier.com:38080/sg/cms/revision/getCategory.json
2018-09-10 18:22:36: 返回code-> 200  返回data->  {"success":true,"errorCode":null,"message":null,"data":[{"id":-1,"labelName":"精选"},{"id":48,"labelName":"冰箱"},{"id":49,"labelName":"洗衣机"},{"id":50,"labelName":"冷柜"},{"id":70,"labelName":"空调"},{"id":71,"labelName":"家庭保健产品"},{"id":72,"labelName":"生活家电"},{"id":73,"labelName":"电脑"},{"id":74,"labelName":"热水器"},{"id":75,"labelName":"厨房电器"},{"id":110,"labelName":"跑步机"},{"id":76,"labelName":"彩电"},{"id":78,"labelName":"水家电"},{"id":77,"labelName":"家用中央空调"},{"id":79,"labelName":"延保服务"},{"id":80,"labelName":"智能产品"},{"id":81,"labelName":"百货超市"},{"id":82,"labelName":"众筹夺宝"},{"id":83,"labelName":"永安当"},{"id":84,"labelName":"儿童用品"},{"id":85,"labelName":"电子礼品卡"},{"id":86,"labelName":"医疗冷柜"}],"totalCount":0}
2018-09-10 18:22:36: { success: true,
  errorCode: null,
  message: null,
  data: 
   [ { id: -1, labelName: '精选' },
     { id: 48, labelName: '冰箱' },
     { id: 49, labelName: '洗衣机' },
     { id: 50, labelName: '冷柜' },
     { id: 70, labelName: '空调' },
     { id: 71, labelName: '家庭保健产品' },
     { id: 72, labelName: '生活家电' },
     { id: 73, labelName: '电脑' },
     { id: 74, labelName: '热水器' },
     { id: 75, labelName: '厨房电器' },
     { id: 110, labelName: '跑步机' },
     { id: 76, labelName: '彩电' },
     { id: 78, labelName: '水家电' },
     { id: 77, labelName: '家用中央空调' },
     { id: 79, labelName: '延保服务' },
     { id: 80, labelName: '智能产品' },
     { id: 81, labelName: '百货超市' },
     { id: 82, labelName: '众筹夺宝' },
     { id: 83, labelName: '永安当' },
     { id: 84, labelName: '儿童用品' },
     { id: 85, labelName: '电子礼品卡' },
     { id: 86, labelName: '医疗冷柜' } ],
  totalCount: 0 }
2018-09-10 18:22:37: [Function]
2018-09-10 18:22:37: http://mobiletest.ehaier.com:38080/sg/cms/revision/getCategory.json
2018-09-10 18:22:37: 服务启动 localhost:38080||环境：test
2018-09-10 18:22:48: 请求url-> http://mobiletest.ehaier.com:38080/sg/cms/revision/getCategory.json
2018-09-10 18:22:48: 返回code-> 200  返回data->  {"success":true,"errorCode":null,"message":null,"data":[{"id":-1,"labelName":"精选"},{"id":48,"labelName":"冰箱"},{"id":49,"labelName":"洗衣机"},{"id":50,"labelName":"冷柜"},{"id":70,"labelName":"空调"},{"id":71,"labelName":"家庭保健产品"},{"id":72,"labelName":"生活家电"},{"id":73,"labelName":"电脑"},{"id":74,"labelName":"热水器"},{"id":75,"labelName":"厨房电器"},{"id":110,"labelName":"跑步机"},{"id":76,"labelName":"彩电"},{"id":78,"labelName":"水家电"},{"id":77,"labelName":"家用中央空调"},{"id":79,"labelName":"延保服务"},{"id":80,"labelName":"智能产品"},{"id":81,"labelName":"百货超市"},{"id":82,"labelName":"众筹夺宝"},{"id":83,"labelName":"永安当"},{"id":84,"labelName":"儿童用品"},{"id":85,"labelName":"电子礼品卡"},{"id":86,"labelName":"医疗冷柜"}],"totalCount":0}
2018-09-10 18:22:48: { success: true,
  errorCode: null,
  message: null,
  data: 
   [ { id: -1, labelName: '精选' },
     { id: 48, labelName: '冰箱' },
     { id: 49, labelName: '洗衣机' },
     { id: 50, labelName: '冷柜' },
     { id: 70, labelName: '空调' },
     { id: 71, labelName: '家庭保健产品' },
     { id: 72, labelName: '生活家电' },
     { id: 73, labelName: '电脑' },
     { id: 74, labelName: '热水器' },
     { id: 75, labelName: '厨房电器' },
     { id: 110, labelName: '跑步机' },
     { id: 76, labelName: '彩电' },
     { id: 78, labelName: '水家电' },
     { id: 77, labelName: '家用中央空调' },
     { id: 79, labelName: '延保服务' },
     { id: 80, labelName: '智能产品' },
     { id: 81, labelName: '百货超市' },
     { id: 82, labelName: '众筹夺宝' },
     { id: 83, labelName: '永安当' },
     { id: 84, labelName: '儿童用品' },
     { id: 85, labelName: '电子礼品卡' },
     { id: 86, labelName: '医疗冷柜' } ],
  totalCount: 0 }
2018-09-10 18:23:18: 请求url-> http://mobiletest.ehaier.com:38080/sg/cms/revision/getCategory.json
2018-09-10 18:23:18: 返回code-> 200  返回data->  {"success":true,"errorCode":null,"message":null,"data":[{"id":-1,"labelName":"精选"},{"id":48,"labelName":"冰箱"},{"id":49,"labelName":"洗衣机"},{"id":50,"labelName":"冷柜"},{"id":70,"labelName":"空调"},{"id":71,"labelName":"家庭保健产品"},{"id":72,"labelName":"生活家电"},{"id":73,"labelName":"电脑"},{"id":74,"labelName":"热水器"},{"id":75,"labelName":"厨房电器"},{"id":110,"labelName":"跑步机"},{"id":76,"labelName":"彩电"},{"id":78,"labelName":"水家电"},{"id":77,"labelName":"家用中央空调"},{"id":79,"labelName":"延保服务"},{"id":80,"labelName":"智能产品"},{"id":81,"labelName":"百货超市"},{"id":82,"labelName":"众筹夺宝"},{"id":83,"labelName":"永安当"},{"id":84,"labelName":"儿童用品"},{"id":85,"labelName":"电子礼品卡"},{"id":86,"labelName":"医疗冷柜"}],"totalCount":0}
2018-09-10 18:23:18: { success: true,
  errorCode: null,
  message: null,
  data: 
   [ { id: -1, labelName: '精选' },
     { id: 48, labelName: '冰箱' },
     { id: 49, labelName: '洗衣机' },
     { id: 50, labelName: '冷柜' },
     { id: 70, labelName: '空调' },
     { id: 71, labelName: '家庭保健产品' },
     { id: 72, labelName: '生活家电' },
     { id: 73, labelName: '电脑' },
     { id: 74, labelName: '热水器' },
     { id: 75, labelName: '厨房电器' },
     { id: 110, labelName: '跑步机' },
     { id: 76, labelName: '彩电' },
     { id: 78, labelName: '水家电' },
     { id: 77, labelName: '家用中央空调' },
     { id: 79, labelName: '延保服务' },
     { id: 80, labelName: '智能产品' },
     { id: 81, labelName: '百货超市' },
     { id: 82, labelName: '众筹夺宝' },
     { id: 83, labelName: '永安当' },
     { id: 84, labelName: '儿童用品' },
     { id: 85, labelName: '电子礼品卡' },
     { id: 86, labelName: '医疗冷柜' } ],
  totalCount: 0 }
2018-09-10 18:23:34: 请求url-> http://mobiletest.ehaier.com:38080/sg/cms/revision/getCategory.json
2018-09-10 18:23:34: 返回code-> 200  返回data->  {"success":true,"errorCode":null,"message":null,"data":[{"id":-1,"labelName":"精选"},{"id":48,"labelName":"冰箱"},{"id":49,"labelName":"洗衣机"},{"id":50,"labelName":"冷柜"},{"id":70,"labelName":"空调"},{"id":71,"labelName":"家庭保健产品"},{"id":72,"labelName":"生活家电"},{"id":73,"labelName":"电脑"},{"id":74,"labelName":"热水器"},{"id":75,"labelName":"厨房电器"},{"id":110,"labelName":"跑步机"},{"id":76,"labelName":"彩电"},{"id":78,"labelName":"水家电"},{"id":77,"labelName":"家用中央空调"},{"id":79,"labelName":"延保服务"},{"id":80,"labelName":"智能产品"},{"id":81,"labelName":"百货超市"},{"id":82,"labelName":"众筹夺宝"},{"id":83,"labelName":"永安当"},{"id":84,"labelName":"儿童用品"},{"id":85,"labelName":"电子礼品卡"},{"id":86,"labelName":"医疗冷柜"}],"totalCount":0}
2018-09-10 18:23:34: { success: true,
  errorCode: null,
  message: null,
  data: 
   [ { id: -1, labelName: '精选' },
     { id: 48, labelName: '冰箱' },
     { id: 49, labelName: '洗衣机' },
     { id: 50, labelName: '冷柜' },
     { id: 70, labelName: '空调' },
     { id: 71, labelName: '家庭保健产品' },
     { id: 72, labelName: '生活家电' },
     { id: 73, labelName: '电脑' },
     { id: 74, labelName: '热水器' },
     { id: 75, labelName: '厨房电器' },
     { id: 110, labelName: '跑步机' },
     { id: 76, labelName: '彩电' },
     { id: 78, labelName: '水家电' },
     { id: 77, labelName: '家用中央空调' },
     { id: 79, labelName: '延保服务' },
     { id: 80, labelName: '智能产品' },
     { id: 81, labelName: '百货超市' },
     { id: 82, labelName: '众筹夺宝' },
     { id: 83, labelName: '永安当' },
     { id: 84, labelName: '儿童用品' },
     { id: 85, labelName: '电子礼品卡' },
     { id: 86, labelName: '医疗冷柜' } ],
  totalCount: 0 }
