[2018-09-06T14:52:40.426] [INFO] resLogger - 
*************** response log start ***************
request method: GET
request originalUrl:  /detail
request client ip:  ::1
request query:  {}
response time: 61
response status: 200
response body: 
"<!DOCTYPE html>\r\n<html lang=\"en\">\r\n<head>\r\n    <meta charset=\"UTF-8\">\r\n    <meta name=\"viewport\" content=\"width=device-width, initial-scale=1.0\">\r\n    <meta http-equiv=\"X-UA-Compatible\" content=\"ie=edge\">\r\n    <title>Document</title>\r\n</head>\r\n<body>\r\n    {&#34;success&#34;:true,&#34;errorCode&#34;:null,&#34;message&#34;:null,&#34;data&#34;:[{&#34;id&#34;:-1,&#34;labelName&#34;:&#34;精选&#34;},{&#34;id&#34;:48,&#34;labelName&#34;:&#34;冰箱&#34;},{&#34;id&#34;:49,&#34;labelName&#34;:&#34;洗衣机&#34;},{&#34;id&#34;:50,&#34;labelName&#34;:&#34;冷柜&#34;},{&#34;id&#34;:70,&#34;labelName&#34;:&#34;空调&#34;},{&#34;id&#34;:71,&#34;labelName&#34;:&#34;家庭保健产品&#34;},{&#34;id&#34;:72,&#34;labelName&#34;:&#34;生活家电&#34;},{&#34;id&#34;:73,&#34;labelName&#34;:&#34;电脑&#34;},{&#34;id&#34;:74,&#34;labelName&#34;:&#34;热水器&#34;},{&#34;id&#34;:75,&#34;labelName&#34;:&#34;厨房电器&#34;},{&#34;id&#34;:110,&#34;labelName&#34;:&#34;跑步机&#34;},{&#34;id&#34;:76,&#34;labelName&#34;:&#34;彩电&#34;},{&#34;id&#34;:78,&#34;labelName&#34;:&#34;水家电&#34;},{&#34;id&#34;:77,&#34;labelName&#34;:&#34;家用中央空调&#34;},{&#34;id&#34;:79,&#34;labelName&#34;:&#34;延保服务&#34;},{&#34;id&#34;:80,&#34;labelName&#34;:&#34;智能产品&#34;},{&#34;id&#34;:81,&#34;labelName&#34;:&#34;百货超市&#34;},{&#34;id&#34;:82,&#34;labelName&#34;:&#34;众筹夺宝&#34;},{&#34;id&#34;:83,&#34;labelName&#34;:&#34;永安当&#34;},{&#34;id&#34;:84,&#34;labelName&#34;:&#34;儿童用品&#34;},{&#34;id&#34;:85,&#34;labelName&#34;:&#34;电子礼品卡&#34;},{&#34;id&#34;:86,&#34;labelName&#34;:&#34;医疗冷柜&#34;}],&#34;totalCount&#34;:0}\r\n</body>\r\n</html>"
*************** response log end ***************

[2018-09-06T14:52:49.226] [INFO] resLogger - 
*************** response log start ***************
request method: GET
request originalUrl:  /
request client ip:  ::1
request query:  {}
response time: 35
response status: 200
response body: 
"<!DOCTYPE html>\r\n<html lang=\"en\">\r\n<head>\r\n    <meta charset=\"UTF-8\">\r\n    <meta name=\"viewport\" content=\"width=device-width, initial-scale=1.0\">\r\n    <meta http-equiv=\"X-UA-Compatible\" content=\"ie=edge\">\r\n    <title>Document</title>\r\n</head>\r\n<body>\r\n    {&#34;success&#34;:true,&#34;errorCode&#34;:null,&#34;message&#34;:null,&#34;data&#34;:[{&#34;id&#34;:-1,&#34;labelName&#34;:&#34;精选&#34;},{&#34;id&#34;:48,&#34;labelName&#34;:&#34;冰箱&#34;},{&#34;id&#34;:49,&#34;labelName&#34;:&#34;洗衣机&#34;},{&#34;id&#34;:50,&#34;labelName&#34;:&#34;冷柜&#34;},{&#34;id&#34;:70,&#34;labelName&#34;:&#34;空调&#34;},{&#34;id&#34;:71,&#34;labelName&#34;:&#34;家庭保健产品&#34;},{&#34;id&#34;:72,&#34;labelName&#34;:&#34;生活家电&#34;},{&#34;id&#34;:73,&#34;labelName&#34;:&#34;电脑&#34;},{&#34;id&#34;:74,&#34;labelName&#34;:&#34;热水器&#34;},{&#34;id&#34;:75,&#34;labelName&#34;:&#34;厨房电器&#34;},{&#34;id&#34;:110,&#34;labelName&#34;:&#34;跑步机&#34;},{&#34;id&#34;:76,&#34;labelName&#34;:&#34;彩电&#34;},{&#34;id&#34;:78,&#34;labelName&#34;:&#34;水家电&#34;},{&#34;id&#34;:77,&#34;labelName&#34;:&#34;家用中央空调&#34;},{&#34;id&#34;:79,&#34;labelName&#34;:&#34;延保服务&#34;},{&#34;id&#34;:80,&#34;labelName&#34;:&#34;智能产品&#34;},{&#34;id&#34;:81,&#34;labelName&#34;:&#34;百货超市&#34;},{&#34;id&#34;:82,&#34;labelName&#34;:&#34;众筹夺宝&#34;},{&#34;id&#34;:83,&#34;labelName&#34;:&#34;永安当&#34;},{&#34;id&#34;:84,&#34;labelName&#34;:&#34;儿童用品&#34;},{&#34;id&#34;:85,&#34;labelName&#34;:&#34;电子礼品卡&#34;},{&#34;id&#34;:86,&#34;labelName&#34;:&#34;医疗冷柜&#34;}],&#34;totalCount&#34;:0}\r\n</body>\r\n</html>"
*************** response log end ***************

[2018-09-06T15:15:14.577] [INFO] resLogger - 
*************** response log start ***************
request method: GET
request originalUrl:  /
request client ip:  ::1
request query:  {}
response time: 145
response status: 200
response body: 
"<!DOCTYPE html>\r\n<html lang=\"en\">\r\n<head>\r\n    <meta charset=\"UTF-8\">\r\n    <meta name=\"viewport\" content=\"width=device-width, initial-scale=1.0\">\r\n    <meta http-equiv=\"X-UA-Compatible\" content=\"ie=edge\">\r\n    <title>Document</title>\r\n</head>\r\n<body>\r\n    {&#34;success&#34;:true,&#34;errorCode&#34;:null,&#34;message&#34;:null,&#34;data&#34;:[{&#34;id&#34;:-1,&#34;labelName&#34;:&#34;精选&#34;},{&#34;id&#34;:48,&#34;labelName&#34;:&#34;冰箱&#34;},{&#34;id&#34;:49,&#34;labelName&#34;:&#34;洗衣机&#34;},{&#34;id&#34;:50,&#34;labelName&#34;:&#34;冷柜&#34;},{&#34;id&#34;:70,&#34;labelName&#34;:&#34;空调&#34;},{&#34;id&#34;:71,&#34;labelName&#34;:&#34;家庭保健产品&#34;},{&#34;id&#34;:72,&#34;labelName&#34;:&#34;生活家电&#34;},{&#34;id&#34;:73,&#34;labelName&#34;:&#34;电脑&#34;},{&#34;id&#34;:74,&#34;labelName&#34;:&#34;热水器&#34;},{&#34;id&#34;:75,&#34;labelName&#34;:&#34;厨房电器&#34;},{&#34;id&#34;:110,&#34;labelName&#34;:&#34;跑步机&#34;},{&#34;id&#34;:76,&#34;labelName&#34;:&#34;彩电&#34;},{&#34;id&#34;:78,&#34;labelName&#34;:&#34;水家电&#34;},{&#34;id&#34;:77,&#34;labelName&#34;:&#34;家用中央空调&#34;},{&#34;id&#34;:79,&#34;labelName&#34;:&#34;延保服务&#34;},{&#34;id&#34;:80,&#34;labelName&#34;:&#34;智能产品&#34;},{&#34;id&#34;:81,&#34;labelName&#34;:&#34;百货超市&#34;},{&#34;id&#34;:82,&#34;labelName&#34;:&#34;众筹夺宝&#34;},{&#34;id&#34;:83,&#34;labelName&#34;:&#34;永安当&#34;},{&#34;id&#34;:84,&#34;labelName&#34;:&#34;儿童用品&#34;},{&#34;id&#34;:85,&#34;labelName&#34;:&#34;电子礼品卡&#34;},{&#34;id&#34;:86,&#34;labelName&#34;:&#34;医疗冷柜&#34;}],&#34;totalCount&#34;:0}\r\n</body>\r\n</html>"
*************** response log end ***************

[2018-09-06T15:18:51.922] [INFO] resLogger - 
*************** response log start ***************
request method: GET
request originalUrl:  /
request client ip:  ::1
request query:  {}
response time: 65
response status: 200
response body: 
"<!DOCTYPE html>\r\n<html lang=\"en\">\r\n<head>\r\n    <meta charset=\"UTF-8\">\r\n    <meta name=\"viewport\" content=\"width=device-width, initial-scale=1.0\">\r\n    <meta http-equiv=\"X-UA-Compatible\" content=\"ie=edge\">\r\n    <title>Document</title>\r\n</head>\r\n<body>\r\n    {&#34;success&#34;:true,&#34;errorCode&#34;:null,&#34;message&#34;:null,&#34;data&#34;:[{&#34;id&#34;:-1,&#34;labelName&#34;:&#34;精选&#34;},{&#34;id&#34;:48,&#34;labelName&#34;:&#34;冰箱&#34;},{&#34;id&#34;:49,&#34;labelName&#34;:&#34;洗衣机&#34;},{&#34;id&#34;:50,&#34;labelName&#34;:&#34;冷柜&#34;},{&#34;id&#34;:70,&#34;labelName&#34;:&#34;空调&#34;},{&#34;id&#34;:71,&#34;labelName&#34;:&#34;家庭保健产品&#34;},{&#34;id&#34;:72,&#34;labelName&#34;:&#34;生活家电&#34;},{&#34;id&#34;:73,&#34;labelName&#34;:&#34;电脑&#34;},{&#34;id&#34;:74,&#34;labelName&#34;:&#34;热水器&#34;},{&#34;id&#34;:75,&#34;labelName&#34;:&#34;厨房电器&#34;},{&#34;id&#34;:110,&#34;labelName&#34;:&#34;跑步机&#34;},{&#34;id&#34;:76,&#34;labelName&#34;:&#34;彩电&#34;},{&#34;id&#34;:78,&#34;labelName&#34;:&#34;水家电&#34;},{&#34;id&#34;:77,&#34;labelName&#34;:&#34;家用中央空调&#34;},{&#34;id&#34;:79,&#34;labelName&#34;:&#34;延保服务&#34;},{&#34;id&#34;:80,&#34;labelName&#34;:&#34;智能产品&#34;},{&#34;id&#34;:81,&#34;labelName&#34;:&#34;百货超市&#34;},{&#34;id&#34;:82,&#34;labelName&#34;:&#34;众筹夺宝&#34;},{&#34;id&#34;:83,&#34;labelName&#34;:&#34;永安当&#34;},{&#34;id&#34;:84,&#34;labelName&#34;:&#34;儿童用品&#34;},{&#34;id&#34;:85,&#34;labelName&#34;:&#34;电子礼品卡&#34;},{&#34;id&#34;:86,&#34;labelName&#34;:&#34;医疗冷柜&#34;}],&#34;totalCount&#34;:0}\r\n</body>\r\n</html>"
*************** response log end ***************

[2018-09-06T15:19:22.931] [INFO] resLogger - 
*************** response log start ***************
request method: GET
request originalUrl:  /
request client ip:  ::1
request query:  {}
response time: 65
response status: 200
response body: 
"<!DOCTYPE html>\r\n<html lang=\"en\">\r\n<head>\r\n    <meta charset=\"UTF-8\">\r\n    <meta name=\"viewport\" content=\"width=device-width, initial-scale=1.0\">\r\n    <meta http-equiv=\"X-UA-Compatible\" content=\"ie=edge\">\r\n    <title>Document</title>\r\n</head>\r\n<body>\r\n    {&#34;success&#34;:true,&#34;errorCode&#34;:null,&#34;message&#34;:null,&#34;data&#34;:[{&#34;id&#34;:-1,&#34;labelName&#34;:&#34;精选&#34;},{&#34;id&#34;:48,&#34;labelName&#34;:&#34;冰箱&#34;},{&#34;id&#34;:49,&#34;labelName&#34;:&#34;洗衣机&#34;},{&#34;id&#34;:50,&#34;labelName&#34;:&#34;冷柜&#34;},{&#34;id&#34;:70,&#34;labelName&#34;:&#34;空调&#34;},{&#34;id&#34;:71,&#34;labelName&#34;:&#34;家庭保健产品&#34;},{&#34;id&#34;:72,&#34;labelName&#34;:&#34;生活家电&#34;},{&#34;id&#34;:73,&#34;labelName&#34;:&#34;电脑&#34;},{&#34;id&#34;:74,&#34;labelName&#34;:&#34;热水器&#34;},{&#34;id&#34;:75,&#34;labelName&#34;:&#34;厨房电器&#34;},{&#34;id&#34;:110,&#34;labelName&#34;:&#34;跑步机&#34;},{&#34;id&#34;:76,&#34;labelName&#34;:&#34;彩电&#34;},{&#34;id&#34;:78,&#34;labelName&#34;:&#34;水家电&#34;},{&#34;id&#34;:77,&#34;labelName&#34;:&#34;家用中央空调&#34;},{&#34;id&#34;:79,&#34;labelName&#34;:&#34;延保服务&#34;},{&#34;id&#34;:80,&#34;labelName&#34;:&#34;智能产品&#34;},{&#34;id&#34;:81,&#34;labelName&#34;:&#34;百货超市&#34;},{&#34;id&#34;:82,&#34;labelName&#34;:&#34;众筹夺宝&#34;},{&#34;id&#34;:83,&#34;labelName&#34;:&#34;永安当&#34;},{&#34;id&#34;:84,&#34;labelName&#34;:&#34;儿童用品&#34;},{&#34;id&#34;:85,&#34;labelName&#34;:&#34;电子礼品卡&#34;},{&#34;id&#34;:86,&#34;labelName&#34;:&#34;医疗冷柜&#34;}],&#34;totalCount&#34;:0}\r\n</body>\r\n</html>"
*************** response log end ***************

[2018-09-06T15:29:17.741] [INFO] resLogger - 
*************** response log start ***************
request method: GET
request originalUrl:  /
request client ip:  ::1
request query:  {}
response time: 88
response status: 200
response body: 
"<!DOCTYPE html>\r\n<html lang=\"en\">\r\n<head>\r\n    <meta charset=\"UTF-8\">\r\n    <meta name=\"viewport\" content=\"width=device-width, initial-scale=1.0\">\r\n    <meta http-equiv=\"X-UA-Compatible\" content=\"ie=edge\">\r\n    <title>Document</title>\r\n</head>\r\n<body>\r\n    {&#34;success&#34;:true,&#34;errorCode&#34;:null,&#34;message&#34;:null,&#34;data&#34;:[{&#34;id&#34;:-1,&#34;labelName&#34;:&#34;精选&#34;},{&#34;id&#34;:48,&#34;labelName&#34;:&#34;冰箱&#34;},{&#34;id&#34;:49,&#34;labelName&#34;:&#34;洗衣机&#34;},{&#34;id&#34;:50,&#34;labelName&#34;:&#34;冷柜&#34;},{&#34;id&#34;:70,&#34;labelName&#34;:&#34;空调&#34;},{&#34;id&#34;:71,&#34;labelName&#34;:&#34;家庭保健产品&#34;},{&#34;id&#34;:72,&#34;labelName&#34;:&#34;生活家电&#34;},{&#34;id&#34;:73,&#34;labelName&#34;:&#34;电脑&#34;},{&#34;id&#34;:74,&#34;labelName&#34;:&#34;热水器&#34;},{&#34;id&#34;:75,&#34;labelName&#34;:&#34;厨房电器&#34;},{&#34;id&#34;:110,&#34;labelName&#34;:&#34;跑步机&#34;},{&#34;id&#34;:76,&#34;labelName&#34;:&#34;彩电&#34;},{&#34;id&#34;:78,&#34;labelName&#34;:&#34;水家电&#34;},{&#34;id&#34;:77,&#34;labelName&#34;:&#34;家用中央空调&#34;},{&#34;id&#34;:79,&#34;labelName&#34;:&#34;延保服务&#34;},{&#34;id&#34;:80,&#34;labelName&#34;:&#34;智能产品&#34;},{&#34;id&#34;:81,&#34;labelName&#34;:&#34;百货超市&#34;},{&#34;id&#34;:82,&#34;labelName&#34;:&#34;众筹夺宝&#34;},{&#34;id&#34;:83,&#34;labelName&#34;:&#34;永安当&#34;},{&#34;id&#34;:84,&#34;labelName&#34;:&#34;儿童用品&#34;},{&#34;id&#34;:85,&#34;labelName&#34;:&#34;电子礼品卡&#34;},{&#34;id&#34;:86,&#34;labelName&#34;:&#34;医疗冷柜&#34;}],&#34;totalCount&#34;:0}\r\n</body>\r\n</html>"
*************** response log end ***************

[2018-09-06T16:05:58.996] [INFO] resLogger - 
*************** response log start ***************
request method: GET
request originalUrl:  /
request client ip:  ::1
request query:  {}
response time: 107
response status: 200
response body: 
"<!DOCTYPE html>\r\n<html lang=\"en\">\r\n<head>\r\n    <meta charset=\"UTF-8\">\r\n    <meta name=\"viewport\" content=\"width=device-width, initial-scale=1.0\">\r\n    <meta http-equiv=\"X-UA-Compatible\" content=\"ie=edge\">\r\n    <title>Document</title>\r\n</head>\r\n<body>\r\n    {&#34;success&#34;:true,&#34;errorCode&#34;:null,&#34;message&#34;:null,&#34;data&#34;:[{&#34;id&#34;:-1,&#34;labelName&#34;:&#34;精选&#34;},{&#34;id&#34;:48,&#34;labelName&#34;:&#34;冰箱&#34;},{&#34;id&#34;:49,&#34;labelName&#34;:&#34;洗衣机&#34;},{&#34;id&#34;:50,&#34;labelName&#34;:&#34;冷柜&#34;},{&#34;id&#34;:70,&#34;labelName&#34;:&#34;空调&#34;},{&#34;id&#34;:71,&#34;labelName&#34;:&#34;家庭保健产品&#34;},{&#34;id&#34;:72,&#34;labelName&#34;:&#34;生活家电&#34;},{&#34;id&#34;:73,&#34;labelName&#34;:&#34;电脑&#34;},{&#34;id&#34;:74,&#34;labelName&#34;:&#34;热水器&#34;},{&#34;id&#34;:75,&#34;labelName&#34;:&#34;厨房电器&#34;},{&#34;id&#34;:110,&#34;labelName&#34;:&#34;跑步机&#34;},{&#34;id&#34;:76,&#34;labelName&#34;:&#34;彩电&#34;},{&#34;id&#34;:78,&#34;labelName&#34;:&#34;水家电&#34;},{&#34;id&#34;:77,&#34;labelName&#34;:&#34;家用中央空调&#34;},{&#34;id&#34;:79,&#34;labelName&#34;:&#34;延保服务&#34;},{&#34;id&#34;:80,&#34;labelName&#34;:&#34;智能产品&#34;},{&#34;id&#34;:81,&#34;labelName&#34;:&#34;百货超市&#34;},{&#34;id&#34;:82,&#34;labelName&#34;:&#34;众筹夺宝&#34;},{&#34;id&#34;:83,&#34;labelName&#34;:&#34;永安当&#34;},{&#34;id&#34;:84,&#34;labelName&#34;:&#34;儿童用品&#34;},{&#34;id&#34;:85,&#34;labelName&#34;:&#34;电子礼品卡&#34;},{&#34;id&#34;:86,&#34;labelName&#34;:&#34;医疗冷柜&#34;}],&#34;totalCount&#34;:0}\r\n</body>\r\n</html>"
*************** response log end ***************

[2018-09-06T16:07:56.085] [INFO] resLogger - 
*************** response log start ***************
request method: GET
request originalUrl:  /
request client ip:  ::1
request query:  {}
response time: 109
response status: 200
response body: 
"<!DOCTYPE html>\r\n<html lang=\"en\">\r\n<head>\r\n    <meta charset=\"UTF-8\">\r\n    <meta name=\"viewport\" content=\"width=device-width, initial-scale=1.0\">\r\n    <meta http-equiv=\"X-UA-Compatible\" content=\"ie=edge\">\r\n    <title>Document</title>\r\n</head>\r\n<body>\r\n    {&#34;success&#34;:true,&#34;errorCode&#34;:null,&#34;message&#34;:null,&#34;data&#34;:[{&#34;id&#34;:-1,&#34;labelName&#34;:&#34;精选&#34;},{&#34;id&#34;:48,&#34;labelName&#34;:&#34;冰箱&#34;},{&#34;id&#34;:49,&#34;labelName&#34;:&#34;洗衣机&#34;},{&#34;id&#34;:50,&#34;labelName&#34;:&#34;冷柜&#34;},{&#34;id&#34;:70,&#34;labelName&#34;:&#34;空调&#34;},{&#34;id&#34;:71,&#34;labelName&#34;:&#34;家庭保健产品&#34;},{&#34;id&#34;:72,&#34;labelName&#34;:&#34;生活家电&#34;},{&#34;id&#34;:73,&#34;labelName&#34;:&#34;电脑&#34;},{&#34;id&#34;:74,&#34;labelName&#34;:&#34;热水器&#34;},{&#34;id&#34;:75,&#34;labelName&#34;:&#34;厨房电器&#34;},{&#34;id&#34;:110,&#34;labelName&#34;:&#34;跑步机&#34;},{&#34;id&#34;:76,&#34;labelName&#34;:&#34;彩电&#34;},{&#34;id&#34;:78,&#34;labelName&#34;:&#34;水家电&#34;},{&#34;id&#34;:77,&#34;labelName&#34;:&#34;家用中央空调&#34;},{&#34;id&#34;:79,&#34;labelName&#34;:&#34;延保服务&#34;},{&#34;id&#34;:80,&#34;labelName&#34;:&#34;智能产品&#34;},{&#34;id&#34;:81,&#34;labelName&#34;:&#34;百货超市&#34;},{&#34;id&#34;:82,&#34;labelName&#34;:&#34;众筹夺宝&#34;},{&#34;id&#34;:83,&#34;labelName&#34;:&#34;永安当&#34;},{&#34;id&#34;:84,&#34;labelName&#34;:&#34;儿童用品&#34;},{&#34;id&#34;:85,&#34;labelName&#34;:&#34;电子礼品卡&#34;},{&#34;id&#34;:86,&#34;labelName&#34;:&#34;医疗冷柜&#34;}],&#34;totalCount&#34;:0}\r\n</body>\r\n</html>"
*************** response log end ***************

[2018-09-06T17:13:24.547] [INFO] resLogger - 
*************** response log start ***************
request method: GET
request originalUrl:  /
request client ip:  ::1
request query:  {}
response time: 171
response status: 200
response body: 
"<!DOCTYPE html>\r\n<html lang=\"en\">\r\n<head>\r\n    <meta charset=\"UTF-8\">\r\n    <meta name=\"viewport\" content=\"width=device-width, initial-scale=1.0\">\r\n    <meta http-equiv=\"X-UA-Compatible\" content=\"ie=edge\">\r\n    <title>Document</title>\r\n</head>\r\n<body>\r\n    {&#34;success&#34;:true,&#34;errorCode&#34;:null,&#34;message&#34;:null,&#34;data&#34;:[{&#34;id&#34;:-1,&#34;labelName&#34;:&#34;精选&#34;},{&#34;id&#34;:48,&#34;labelName&#34;:&#34;冰箱&#34;},{&#34;id&#34;:49,&#34;labelName&#34;:&#34;洗衣机&#34;},{&#34;id&#34;:50,&#34;labelName&#34;:&#34;冷柜&#34;},{&#34;id&#34;:70,&#34;labelName&#34;:&#34;空调&#34;},{&#34;id&#34;:71,&#34;labelName&#34;:&#34;家庭保健产品&#34;},{&#34;id&#34;:72,&#34;labelName&#34;:&#34;生活家电&#34;},{&#34;id&#34;:73,&#34;labelName&#34;:&#34;电脑&#34;},{&#34;id&#34;:74,&#34;labelName&#34;:&#34;热水器&#34;},{&#34;id&#34;:75,&#34;labelName&#34;:&#34;厨房电器&#34;},{&#34;id&#34;:110,&#34;labelName&#34;:&#34;跑步机&#34;},{&#34;id&#34;:76,&#34;labelName&#34;:&#34;彩电&#34;},{&#34;id&#34;:78,&#34;labelName&#34;:&#34;水家电&#34;},{&#34;id&#34;:77,&#34;labelName&#34;:&#34;家用中央空调&#34;},{&#34;id&#34;:79,&#34;labelName&#34;:&#34;延保服务&#34;},{&#34;id&#34;:80,&#34;labelName&#34;:&#34;智能产品&#34;},{&#34;id&#34;:81,&#34;labelName&#34;:&#34;百货超市&#34;},{&#34;id&#34;:82,&#34;labelName&#34;:&#34;众筹夺宝&#34;},{&#34;id&#34;:83,&#34;labelName&#34;:&#34;永安当&#34;},{&#34;id&#34;:84,&#34;labelName&#34;:&#34;儿童用品&#34;},{&#34;id&#34;:85,&#34;labelName&#34;:&#34;电子礼品卡&#34;},{&#34;id&#34;:86,&#34;labelName&#34;:&#34;医疗冷柜&#34;}],&#34;totalCount&#34;:0}\r\n</body>\r\n</html>"
*************** response log end ***************

[2018-09-06T17:25:34.905] [INFO] resLogger - 
*************** response log start ***************
request method: GET
request originalUrl:  /
request client ip:  ::1
request query:  {}
response time: 113
response status: 200
response body: 
"<!DOCTYPE html>\r\n<html lang=\"en\">\r\n<head>\r\n    <meta charset=\"UTF-8\">\r\n    <meta name=\"viewport\" content=\"width=device-width, initial-scale=1.0\">\r\n    <meta http-equiv=\"X-UA-Compatible\" content=\"ie=edge\">\r\n    <title>Document</title>\r\n</head>\r\n<body>\r\n    {&#34;success&#34;:true,&#34;errorCode&#34;:null,&#34;message&#34;:null,&#34;data&#34;:[{&#34;id&#34;:-1,&#34;labelName&#34;:&#34;精选&#34;},{&#34;id&#34;:48,&#34;labelName&#34;:&#34;冰箱&#34;},{&#34;id&#34;:49,&#34;labelName&#34;:&#34;洗衣机&#34;},{&#34;id&#34;:50,&#34;labelName&#34;:&#34;冷柜&#34;},{&#34;id&#34;:70,&#34;labelName&#34;:&#34;空调&#34;},{&#34;id&#34;:71,&#34;labelName&#34;:&#34;家庭保健产品&#34;},{&#34;id&#34;:72,&#34;labelName&#34;:&#34;生活家电&#34;},{&#34;id&#34;:73,&#34;labelName&#34;:&#34;电脑&#34;},{&#34;id&#34;:74,&#34;labelName&#34;:&#34;热水器&#34;},{&#34;id&#34;:75,&#34;labelName&#34;:&#34;厨房电器&#34;},{&#34;id&#34;:110,&#34;labelName&#34;:&#34;跑步机&#34;},{&#34;id&#34;:76,&#34;labelName&#34;:&#34;彩电&#34;},{&#34;id&#34;:78,&#34;labelName&#34;:&#34;水家电&#34;},{&#34;id&#34;:77,&#34;labelName&#34;:&#34;家用中央空调&#34;},{&#34;id&#34;:79,&#34;labelName&#34;:&#34;延保服务&#34;},{&#34;id&#34;:80,&#34;labelName&#34;:&#34;智能产品&#34;},{&#34;id&#34;:81,&#34;labelName&#34;:&#34;百货超市&#34;},{&#34;id&#34;:82,&#34;labelName&#34;:&#34;众筹夺宝&#34;},{&#34;id&#34;:83,&#34;labelName&#34;:&#34;永安当&#34;},{&#34;id&#34;:84,&#34;labelName&#34;:&#34;儿童用品&#34;},{&#34;id&#34;:85,&#34;labelName&#34;:&#34;电子礼品卡&#34;},{&#34;id&#34;:86,&#34;labelName&#34;:&#34;医疗冷柜&#34;}],&#34;totalCount&#34;:0}\r\n</body>\r\n</html>"
*************** response log end ***************

[2018-09-06T17:53:54.055] [INFO] resLogger - 
*************** response log start ***************
request method: GET
request originalUrl:  /detail2
request client ip:  ::1
request query:  {}
response time: 135
response status: 200
response body: 
"<!DOCTYPE html>\r\n<html lang=\"en\">\r\n<head>\r\n    <meta charset=\"UTF-8\">\r\n    <meta name=\"viewport\" content=\"width=device-width, initial-scale=1.0\">\r\n    <meta http-equiv=\"X-UA-Compatible\" content=\"ie=edge\">\r\n    <title>Document</title>\r\n</head>\r\n<body>\r\n    {&#34;success&#34;:true,&#34;errorCode&#34;:null,&#34;message&#34;:null,&#34;data&#34;:[{&#34;id&#34;:-1,&#34;labelName&#34;:&#34;精选&#34;},{&#34;id&#34;:48,&#34;labelName&#34;:&#34;冰箱&#34;},{&#34;id&#34;:49,&#34;labelName&#34;:&#34;洗衣机&#34;},{&#34;id&#34;:50,&#34;labelName&#34;:&#34;冷柜&#34;},{&#34;id&#34;:70,&#34;labelName&#34;:&#34;空调&#34;},{&#34;id&#34;:71,&#34;labelName&#34;:&#34;家庭保健产品&#34;},{&#34;id&#34;:72,&#34;labelName&#34;:&#34;生活家电&#34;},{&#34;id&#34;:73,&#34;labelName&#34;:&#34;电脑&#34;},{&#34;id&#34;:74,&#34;labelName&#34;:&#34;热水器&#34;},{&#34;id&#34;:75,&#34;labelName&#34;:&#34;厨房电器&#34;},{&#34;id&#34;:110,&#34;labelName&#34;:&#34;跑步机&#34;},{&#34;id&#34;:76,&#34;labelName&#34;:&#34;彩电&#34;},{&#34;id&#34;:78,&#34;labelName&#34;:&#34;水家电&#34;},{&#34;id&#34;:77,&#34;labelName&#34;:&#34;家用中央空调&#34;},{&#34;id&#34;:79,&#34;labelName&#34;:&#34;延保服务&#34;},{&#34;id&#34;:80,&#34;labelName&#34;:&#34;智能产品&#34;},{&#34;id&#34;:81,&#34;labelName&#34;:&#34;百货超市&#34;},{&#34;id&#34;:82,&#34;labelName&#34;:&#34;众筹夺宝&#34;},{&#34;id&#34;:83,&#34;labelName&#34;:&#34;永安当&#34;},{&#34;id&#34;:84,&#34;labelName&#34;:&#34;儿童用品&#34;},{&#34;id&#34;:85,&#34;labelName&#34;:&#34;电子礼品卡&#34;},{&#34;id&#34;:86,&#34;labelName&#34;:&#34;医疗冷柜&#34;}],&#34;totalCount&#34;:0}\r\n</body>\r\n</html>"
*************** response log end ***************

