[2019-04-02T10:40:13.720] [INFO] resLogger - 
*************** response log start ***************
request method: GET
request originalUrl:  /favicon.ico
request client ip:  ::1
request query:  {}
response time: 1
response status: 404
response body: 
undefined
*************** response log end ***************

[2019-04-02T10:44:18.278] [INFO] resLogger - 
*************** response log start ***************
request method: GET
request originalUrl:  /
request client ip:  ::1
request query:  {}
response time: 18
response status: 200
response body: 
{"code":200,"data":{"data":{"success":true}}}
*************** response log end ***************

[2019-04-02T10:44:20.253] [INFO] resLogger - 
*************** response log start ***************
request method: GET
request originalUrl:  /
request client ip:  ::1
request query:  {}
response time: 2
response status: 200
response body: 
{"code":200,"data":{"data":{"success":true}}}
*************** response log end ***************

[2019-04-02T10:45:03.658] [INFO] resLogger - 
*************** response log start ***************
request method: GET
request originalUrl:  /
request client ip:  ::1
request query:  {}
response time: 14
response status: 200
response body: 
{"code":200,"data":{"success":true}}
*************** response log end ***************

[2019-04-02T10:45:48.834] [INFO] resLogger - 
*************** response log start ***************
request method: GET
request originalUrl:  /
request client ip:  ::1
request query:  {}
response time: 18
response status: 200
response body: 
{"code":200}
*************** response log end ***************

[2019-04-02T10:57:32.969] [INFO] resLogger - 
*************** response log start ***************
request method: GET
request originalUrl:  /
request client ip:  ::1
request query:  {}
response time: 12
response status: 200
response body: 
{"code":200}
*************** response log end ***************

[2019-04-02T10:57:54.304] [INFO] resLogger - 
*************** response log start ***************
request method: GET
request originalUrl:  /
request client ip:  ::1
request query:  {}
response time: 10
response status: 200
response body: 
{"code":200,"data":{"success":true}}
*************** response log end ***************

[2019-04-02T10:58:21.875] [INFO] resLogger - 
*************** response log start ***************
request method: GET
request originalUrl:  /
request client ip:  ::1
request query:  {}
response time: 10
response status: 200
response body: 
{"code":200,"data":{"success":true}}
*************** response log end ***************

[2019-04-02T10:58:37.820] [INFO] resLogger - 
*************** response log start ***************
request method: GET
request originalUrl:  /
request client ip:  ::1
request query:  {}
response time: 17
response status: 200
response body: 
{"code":200}
*************** response log end ***************

[2019-04-02T10:59:20.546] [INFO] resLogger - 
*************** response log start ***************
request method: GET
request originalUrl:  /
request client ip:  ::1
request query:  {}
response time: 16
response status: 200
response body: 
{"code":200,"data":{"success":true,"list":[]}}
*************** response log end ***************

[2019-04-02T17:20:09.002] [INFO] resLogger - 
*************** response log start ***************
request method: GET
request originalUrl:  /
request client ip:  ::1
request query:  {}
response time: 9
response status: 500
response body: 
{"code":500,"msg":"unknown error","data":{}}
*************** response log end ***************

[2019-04-02T17:20:09.071] [INFO] resLogger - 
*************** response log start ***************
request method: GET
request originalUrl:  /favicon.ico
request client ip:  ::1
request query:  {}
response time: 2
response status: 500
response body: 
{"code":500,"msg":"unknown error","data":{}}
*************** response log end ***************

[2019-04-02T17:21:59.276] [INFO] resLogger - 
*************** response log start ***************
request method: GET
request originalUrl:  /
request client ip:  ::1
request query:  {}
response time: 16
response status: 200
response body: 
{"success":true,"list":[]}
*************** response log end ***************

[2019-04-02T17:21:59.310] [INFO] resLogger - 
*************** response log start ***************
request method: GET
request originalUrl:  /favicon.ico
request client ip:  ::1
request query:  {}
response time: 2
response status: 500
response body: 
{"code":500,"msg":"unknown error","data":{}}
*************** response log end ***************

[2019-04-02T17:37:07.306] [INFO] resLogger - 
*************** response log start ***************
request method: GET
request originalUrl:  /
request client ip:  ::1
request query:  {}
response time: 16
response status: 200
response body: 
{"success":true,"list":[]}
*************** response log end ***************

[2019-04-02T17:40:07.383] [INFO] resLogger - 
*************** response log start ***************
request method: GET
request originalUrl:  /
request client ip:  ::1
request query:  {}
response time: 9
response status: 200
response body: 
{"success":true,"list":[]}
*************** response log end ***************

[2019-04-02T17:40:07.411] [INFO] resLogger - 
*************** response log start ***************
request method: GET
request originalUrl:  /favicon.ico
request client ip:  ::1
request query:  {}
response time: 2
response status: 500
response body: 
{"code":500,"msg":"unknown error","data":{}}
*************** response log end ***************

[2019-04-02T17:40:07.432] [INFO] resLogger - 
*************** response log start ***************
request method: GET
request originalUrl:  /
request client ip:  ::1
request query:  {}
response time: 0
response status: 200
response body: 
{"success":true,"list":[]}
*************** response log end ***************

[2019-04-02T17:40:07.448] [INFO] resLogger - 
*************** response log start ***************
request method: GET
request originalUrl:  /favicon.ico
request client ip:  ::1
request query:  {}
response time: 1
response status: 500
response body: 
{"code":500,"msg":"unknown error","data":{}}
*************** response log end ***************

[2019-04-02T17:43:49.883] [INFO] resLogger - 
*************** response log start ***************
request method: GET
request originalUrl:  /
request client ip:  ::1
request query:  {}
response time: 16
response status: 200
response body: 
{"success":true,"list":[]}
*************** response log end ***************

[2019-04-02T17:43:49.920] [INFO] resLogger - 
*************** response log start ***************
request method: GET
request originalUrl:  /favicon.ico
request client ip:  ::1
request query:  {}
response time: 1
response status: 404
response body: 
{"code":404,"msg":"not found","data":{}}
*************** response log end ***************

[2019-04-02T17:58:45.277] [INFO] resLogger - 
*************** response log start ***************
request method: GET
request originalUrl:  /customError
request client ip:  ::1
request query:  {}
response time: 12
response status: 500
response body: 
{"code":500,"msg":"unknown error","data":{}}
*************** response log end ***************

[2019-04-02T17:59:03.746] [INFO] resLogger - 
*************** response log start ***************
request method: GET
request originalUrl:  /httpError
request client ip:  ::1
request query:  {}
response time: 5
response status: 500
response body: 
{"code":500,"msg":"unknown error","data":{}}
*************** response log end ***************

[2019-04-02T17:59:08.883] [INFO] resLogger - 
*************** response log start ***************
request method: GET
request originalUrl:  /hah
request client ip:  ::1
request query:  {}
response time: 2
response status: 404
response body: 
{"code":404,"msg":"not found","data":{}}
*************** response log end ***************

[2019-04-02T18:42:18.448] [INFO] resLogger - 
*************** response log start ***************
request method: GET
request originalUrl:  /
request client ip:  ::1
request query:  {}
response time: 14
response status: 200
response body: 
{"success":true,"list":[]}
*************** response log end ***************

[2019-04-02T18:44:33.109] [INFO] resLogger - 
*************** response log start ***************
request method: GET
request originalUrl:  /
request client ip:  ::1
request query:  {}
response time: 9
response status: 404
response body: 
{"code":404,"msg":"not found","data":{}}
*************** response log end ***************

[2019-04-02T18:47:30.007] [INFO] resLogger - 
*************** response log start ***************
request method: GET
request originalUrl:  /
request client ip:  ::1
request query:  {}
response time: 2
response status: 404
response body: 
{"code":404,"msg":"not found","data":{}}
*************** response log end ***************

[2019-04-02T18:47:48.344] [INFO] resLogger - 
*************** response log start ***************
request method: GET
request originalUrl:  /news
request client ip:  ::1
request query:  {}
response time: 12
response status: 200
response body: 
{"success":true,"list":[]}
*************** response log end ***************

[2019-04-02T18:48:03.512] [INFO] resLogger - 
*************** response log start ***************
request method: GET
request originalUrl:  /news/aa
request client ip:  ::1
request query:  {}
response time: 2
response status: 404
response body: 
{"code":404,"msg":"not found","data":{}}
*************** response log end ***************

[2019-04-02T18:59:01.020] [INFO] resLogger - 
*************** response log start ***************
request method: GET
request originalUrl:  /news/aa
request client ip:  ::1
request query:  {}
response time: 14
response status: 404
response body: 
{"code":404,"msg":"not found","data":{}}
*************** response log end ***************

[2019-04-02T18:59:07.108] [INFO] resLogger - 
*************** response log start ***************
request method: GET
request originalUrl:  /
request client ip:  ::1
request query:  {}
response time: 9
response status: 200
response body: 
{"success":true,"list":[]}
*************** response log end ***************

[2019-04-02T18:59:16.955] [INFO] resLogger - 
*************** response log start ***************
request method: GET
request originalUrl:  /ddd
request client ip:  ::1
request query:  {}
response time: 3
response status: 404
response body: 
{"code":404,"msg":"not found","data":{}}
*************** response log end ***************

