[2018-09-07T10:27:49.355] [INFO] resLogger - 
*************** response log start ***************
request method: GET
request originalUrl:  /detail2
request client ip:  ::1
request query:  {}
response time: 704
response status: 200
response body: 
"<!DOCTYPE html>\r\n<html lang=\"en\">\r\n<head>\r\n    <meta charset=\"UTF-8\">\r\n    <meta name=\"viewport\" content=\"width=device-width, initial-scale=1.0\">\r\n    <meta http-equiv=\"X-UA-Compatible\" content=\"ie=edge\">\r\n    <title>Document</title>\r\n</head>\r\n<body>\r\n    {&#34;success&#34;:true,&#34;errorCode&#34;:null,&#34;message&#34;:null,&#34;data&#34;:[{&#34;id&#34;:-1,&#34;labelName&#34;:&#34;精选&#34;},{&#34;id&#34;:48,&#34;labelName&#34;:&#34;冰箱&#34;},{&#34;id&#34;:49,&#34;labelName&#34;:&#34;洗衣机&#34;},{&#34;id&#34;:50,&#34;labelName&#34;:&#34;冷柜&#34;},{&#34;id&#34;:70,&#34;labelName&#34;:&#34;空调&#34;},{&#34;id&#34;:71,&#34;labelName&#34;:&#34;家庭保健产品&#34;},{&#34;id&#34;:72,&#34;labelName&#34;:&#34;生活家电&#34;},{&#34;id&#34;:73,&#34;labelName&#34;:&#34;电脑&#34;},{&#34;id&#34;:74,&#34;labelName&#34;:&#34;热水器&#34;},{&#34;id&#34;:75,&#34;labelName&#34;:&#34;厨房电器&#34;},{&#34;id&#34;:110,&#34;labelName&#34;:&#34;跑步机&#34;},{&#34;id&#34;:76,&#34;labelName&#34;:&#34;彩电&#34;},{&#34;id&#34;:78,&#34;labelName&#34;:&#34;水家电&#34;},{&#34;id&#34;:77,&#34;labelName&#34;:&#34;家用中央空调&#34;},{&#34;id&#34;:79,&#34;labelName&#34;:&#34;延保服务&#34;},{&#34;id&#34;:80,&#34;labelName&#34;:&#34;智能产品&#34;},{&#34;id&#34;:81,&#34;labelName&#34;:&#34;百货超市&#34;},{&#34;id&#34;:82,&#34;labelName&#34;:&#34;众筹夺宝&#34;},{&#34;id&#34;:83,&#34;labelName&#34;:&#34;永安当&#34;},{&#34;id&#34;:84,&#34;labelName&#34;:&#34;儿童用品&#34;},{&#34;id&#34;:85,&#34;labelName&#34;:&#34;电子礼品卡&#34;},{&#34;id&#34;:86,&#34;labelName&#34;:&#34;医疗冷柜&#34;}],&#34;totalCount&#34;:0}\r\n</body>\r\n</html>"
*************** response log end ***************

[2018-09-07T10:43:52.757] [INFO] resLogger - 
*************** response log start ***************
request method: GET
request originalUrl:  /detail2
request client ip:  ::1
request query:  {}
response time: 997
response status: 200
response body: 
"<!DOCTYPE html>\r\n<html lang=\"en\">\r\n<head>\r\n    <meta charset=\"UTF-8\">\r\n    <meta name=\"viewport\" content=\"width=device-width, initial-scale=1.0\">\r\n    <meta http-equiv=\"X-UA-Compatible\" content=\"ie=edge\">\r\n    <title>Document</title>\r\n</head>\r\n<body>\r\n    {&#34;success&#34;:true,&#34;errorCode&#34;:null,&#34;message&#34;:null,&#34;data&#34;:[{&#34;id&#34;:-1,&#34;labelName&#34;:&#34;精选&#34;},{&#34;id&#34;:48,&#34;labelName&#34;:&#34;冰箱&#34;},{&#34;id&#34;:49,&#34;labelName&#34;:&#34;洗衣机&#34;},{&#34;id&#34;:50,&#34;labelName&#34;:&#34;冷柜&#34;},{&#34;id&#34;:70,&#34;labelName&#34;:&#34;空调&#34;},{&#34;id&#34;:71,&#34;labelName&#34;:&#34;家庭保健产品&#34;},{&#34;id&#34;:72,&#34;labelName&#34;:&#34;生活家电&#34;},{&#34;id&#34;:73,&#34;labelName&#34;:&#34;电脑&#34;},{&#34;id&#34;:74,&#34;labelName&#34;:&#34;热水器&#34;},{&#34;id&#34;:75,&#34;labelName&#34;:&#34;厨房电器&#34;},{&#34;id&#34;:110,&#34;labelName&#34;:&#34;跑步机&#34;},{&#34;id&#34;:76,&#34;labelName&#34;:&#34;彩电&#34;},{&#34;id&#34;:78,&#34;labelName&#34;:&#34;水家电&#34;},{&#34;id&#34;:77,&#34;labelName&#34;:&#34;家用中央空调&#34;},{&#34;id&#34;:79,&#34;labelName&#34;:&#34;延保服务&#34;},{&#34;id&#34;:80,&#34;labelName&#34;:&#34;智能产品&#34;},{&#34;id&#34;:81,&#34;labelName&#34;:&#34;百货超市&#34;},{&#34;id&#34;:82,&#34;labelName&#34;:&#34;众筹夺宝&#34;},{&#34;id&#34;:83,&#34;labelName&#34;:&#34;永安当&#34;},{&#34;id&#34;:84,&#34;labelName&#34;:&#34;儿童用品&#34;},{&#34;id&#34;:85,&#34;labelName&#34;:&#34;电子礼品卡&#34;},{&#34;id&#34;:86,&#34;labelName&#34;:&#34;医疗冷柜&#34;}],&#34;totalCount&#34;:0}\r\n</body>\r\n</html>"
*************** response log end ***************

[2018-09-07T10:52:38.853] [INFO] resLogger - 
*************** response log start ***************
request method: GET
request originalUrl:  /detail2
request client ip:  ::1
request query:  {}
response time: 76
response status: 200
response body: 
"<!DOCTYPE html>\r\n<html lang=\"en\">\r\n<head>\r\n    <meta charset=\"UTF-8\">\r\n    <meta name=\"viewport\" content=\"width=device-width, initial-scale=1.0\">\r\n    <meta http-equiv=\"X-UA-Compatible\" content=\"ie=edge\">\r\n    <title>Document</title>\r\n</head>\r\n<body>\r\n    {&#34;success&#34;:true,&#34;errorCode&#34;:null,&#34;message&#34;:null,&#34;data&#34;:[{&#34;id&#34;:-1,&#34;labelName&#34;:&#34;精选&#34;},{&#34;id&#34;:48,&#34;labelName&#34;:&#34;冰箱&#34;},{&#34;id&#34;:49,&#34;labelName&#34;:&#34;洗衣机&#34;},{&#34;id&#34;:50,&#34;labelName&#34;:&#34;冷柜&#34;},{&#34;id&#34;:70,&#34;labelName&#34;:&#34;空调&#34;},{&#34;id&#34;:71,&#34;labelName&#34;:&#34;家庭保健产品&#34;},{&#34;id&#34;:72,&#34;labelName&#34;:&#34;生活家电&#34;},{&#34;id&#34;:73,&#34;labelName&#34;:&#34;电脑&#34;},{&#34;id&#34;:74,&#34;labelName&#34;:&#34;热水器&#34;},{&#34;id&#34;:75,&#34;labelName&#34;:&#34;厨房电器&#34;},{&#34;id&#34;:110,&#34;labelName&#34;:&#34;跑步机&#34;},{&#34;id&#34;:76,&#34;labelName&#34;:&#34;彩电&#34;},{&#34;id&#34;:78,&#34;labelName&#34;:&#34;水家电&#34;},{&#34;id&#34;:77,&#34;labelName&#34;:&#34;家用中央空调&#34;},{&#34;id&#34;:79,&#34;labelName&#34;:&#34;延保服务&#34;},{&#34;id&#34;:80,&#34;labelName&#34;:&#34;智能产品&#34;},{&#34;id&#34;:81,&#34;labelName&#34;:&#34;百货超市&#34;},{&#34;id&#34;:82,&#34;labelName&#34;:&#34;众筹夺宝&#34;},{&#34;id&#34;:83,&#34;labelName&#34;:&#34;永安当&#34;},{&#34;id&#34;:84,&#34;labelName&#34;:&#34;儿童用品&#34;},{&#34;id&#34;:85,&#34;labelName&#34;:&#34;电子礼品卡&#34;},{&#34;id&#34;:86,&#34;labelName&#34;:&#34;医疗冷柜&#34;}],&#34;totalCount&#34;:0}\r\n</body>\r\n</html>"
*************** response log end ***************

[2018-09-07T10:52:39.718] [INFO] resLogger - 
*************** response log start ***************
request method: GET
request originalUrl:  /detail2
request client ip:  ::1
request query:  {}
response time: 44
response status: 200
response body: 
"<!DOCTYPE html>\r\n<html lang=\"en\">\r\n<head>\r\n    <meta charset=\"UTF-8\">\r\n    <meta name=\"viewport\" content=\"width=device-width, initial-scale=1.0\">\r\n    <meta http-equiv=\"X-UA-Compatible\" content=\"ie=edge\">\r\n    <title>Document</title>\r\n</head>\r\n<body>\r\n    {&#34;success&#34;:true,&#34;errorCode&#34;:null,&#34;message&#34;:null,&#34;data&#34;:[{&#34;id&#34;:-1,&#34;labelName&#34;:&#34;精选&#34;},{&#34;id&#34;:48,&#34;labelName&#34;:&#34;冰箱&#34;},{&#34;id&#34;:49,&#34;labelName&#34;:&#34;洗衣机&#34;},{&#34;id&#34;:50,&#34;labelName&#34;:&#34;冷柜&#34;},{&#34;id&#34;:70,&#34;labelName&#34;:&#34;空调&#34;},{&#34;id&#34;:71,&#34;labelName&#34;:&#34;家庭保健产品&#34;},{&#34;id&#34;:72,&#34;labelName&#34;:&#34;生活家电&#34;},{&#34;id&#34;:73,&#34;labelName&#34;:&#34;电脑&#34;},{&#34;id&#34;:74,&#34;labelName&#34;:&#34;热水器&#34;},{&#34;id&#34;:75,&#34;labelName&#34;:&#34;厨房电器&#34;},{&#34;id&#34;:110,&#34;labelName&#34;:&#34;跑步机&#34;},{&#34;id&#34;:76,&#34;labelName&#34;:&#34;彩电&#34;},{&#34;id&#34;:78,&#34;labelName&#34;:&#34;水家电&#34;},{&#34;id&#34;:77,&#34;labelName&#34;:&#34;家用中央空调&#34;},{&#34;id&#34;:79,&#34;labelName&#34;:&#34;延保服务&#34;},{&#34;id&#34;:80,&#34;labelName&#34;:&#34;智能产品&#34;},{&#34;id&#34;:81,&#34;labelName&#34;:&#34;百货超市&#34;},{&#34;id&#34;:82,&#34;labelName&#34;:&#34;众筹夺宝&#34;},{&#34;id&#34;:83,&#34;labelName&#34;:&#34;永安当&#34;},{&#34;id&#34;:84,&#34;labelName&#34;:&#34;儿童用品&#34;},{&#34;id&#34;:85,&#34;labelName&#34;:&#34;电子礼品卡&#34;},{&#34;id&#34;:86,&#34;labelName&#34;:&#34;医疗冷柜&#34;}],&#34;totalCount&#34;:0}\r\n</body>\r\n</html>"
*************** response log end ***************

[2018-09-07T10:52:40.300] [INFO] resLogger - 
*************** response log start ***************
request method: GET
request originalUrl:  /detail2
request client ip:  ::1
request query:  {}
response time: 31
response status: 200
response body: 
"<!DOCTYPE html>\r\n<html lang=\"en\">\r\n<head>\r\n    <meta charset=\"UTF-8\">\r\n    <meta name=\"viewport\" content=\"width=device-width, initial-scale=1.0\">\r\n    <meta http-equiv=\"X-UA-Compatible\" content=\"ie=edge\">\r\n    <title>Document</title>\r\n</head>\r\n<body>\r\n    {&#34;success&#34;:true,&#34;errorCode&#34;:null,&#34;message&#34;:null,&#34;data&#34;:[{&#34;id&#34;:-1,&#34;labelName&#34;:&#34;精选&#34;},{&#34;id&#34;:48,&#34;labelName&#34;:&#34;冰箱&#34;},{&#34;id&#34;:49,&#34;labelName&#34;:&#34;洗衣机&#34;},{&#34;id&#34;:50,&#34;labelName&#34;:&#34;冷柜&#34;},{&#34;id&#34;:70,&#34;labelName&#34;:&#34;空调&#34;},{&#34;id&#34;:71,&#34;labelName&#34;:&#34;家庭保健产品&#34;},{&#34;id&#34;:72,&#34;labelName&#34;:&#34;生活家电&#34;},{&#34;id&#34;:73,&#34;labelName&#34;:&#34;电脑&#34;},{&#34;id&#34;:74,&#34;labelName&#34;:&#34;热水器&#34;},{&#34;id&#34;:75,&#34;labelName&#34;:&#34;厨房电器&#34;},{&#34;id&#34;:110,&#34;labelName&#34;:&#34;跑步机&#34;},{&#34;id&#34;:76,&#34;labelName&#34;:&#34;彩电&#34;},{&#34;id&#34;:78,&#34;labelName&#34;:&#34;水家电&#34;},{&#34;id&#34;:77,&#34;labelName&#34;:&#34;家用中央空调&#34;},{&#34;id&#34;:79,&#34;labelName&#34;:&#34;延保服务&#34;},{&#34;id&#34;:80,&#34;labelName&#34;:&#34;智能产品&#34;},{&#34;id&#34;:81,&#34;labelName&#34;:&#34;百货超市&#34;},{&#34;id&#34;:82,&#34;labelName&#34;:&#34;众筹夺宝&#34;},{&#34;id&#34;:83,&#34;labelName&#34;:&#34;永安当&#34;},{&#34;id&#34;:84,&#34;labelName&#34;:&#34;儿童用品&#34;},{&#34;id&#34;:85,&#34;labelName&#34;:&#34;电子礼品卡&#34;},{&#34;id&#34;:86,&#34;labelName&#34;:&#34;医疗冷柜&#34;}],&#34;totalCount&#34;:0}\r\n</body>\r\n</html>"
*************** response log end ***************

[2018-09-07T10:52:40.885] [INFO] resLogger - 
*************** response log start ***************
request method: GET
request originalUrl:  /detail2
request client ip:  ::1
request query:  {}
response time: 32
response status: 200
response body: 
"<!DOCTYPE html>\r\n<html lang=\"en\">\r\n<head>\r\n    <meta charset=\"UTF-8\">\r\n    <meta name=\"viewport\" content=\"width=device-width, initial-scale=1.0\">\r\n    <meta http-equiv=\"X-UA-Compatible\" content=\"ie=edge\">\r\n    <title>Document</title>\r\n</head>\r\n<body>\r\n    {&#34;success&#34;:true,&#34;errorCode&#34;:null,&#34;message&#34;:null,&#34;data&#34;:[{&#34;id&#34;:-1,&#34;labelName&#34;:&#34;精选&#34;},{&#34;id&#34;:48,&#34;labelName&#34;:&#34;冰箱&#34;},{&#34;id&#34;:49,&#34;labelName&#34;:&#34;洗衣机&#34;},{&#34;id&#34;:50,&#34;labelName&#34;:&#34;冷柜&#34;},{&#34;id&#34;:70,&#34;labelName&#34;:&#34;空调&#34;},{&#34;id&#34;:71,&#34;labelName&#34;:&#34;家庭保健产品&#34;},{&#34;id&#34;:72,&#34;labelName&#34;:&#34;生活家电&#34;},{&#34;id&#34;:73,&#34;labelName&#34;:&#34;电脑&#34;},{&#34;id&#34;:74,&#34;labelName&#34;:&#34;热水器&#34;},{&#34;id&#34;:75,&#34;labelName&#34;:&#34;厨房电器&#34;},{&#34;id&#34;:110,&#34;labelName&#34;:&#34;跑步机&#34;},{&#34;id&#34;:76,&#34;labelName&#34;:&#34;彩电&#34;},{&#34;id&#34;:78,&#34;labelName&#34;:&#34;水家电&#34;},{&#34;id&#34;:77,&#34;labelName&#34;:&#34;家用中央空调&#34;},{&#34;id&#34;:79,&#34;labelName&#34;:&#34;延保服务&#34;},{&#34;id&#34;:80,&#34;labelName&#34;:&#34;智能产品&#34;},{&#34;id&#34;:81,&#34;labelName&#34;:&#34;百货超市&#34;},{&#34;id&#34;:82,&#34;labelName&#34;:&#34;众筹夺宝&#34;},{&#34;id&#34;:83,&#34;labelName&#34;:&#34;永安当&#34;},{&#34;id&#34;:84,&#34;labelName&#34;:&#34;儿童用品&#34;},{&#34;id&#34;:85,&#34;labelName&#34;:&#34;电子礼品卡&#34;},{&#34;id&#34;:86,&#34;labelName&#34;:&#34;医疗冷柜&#34;}],&#34;totalCount&#34;:0}\r\n</body>\r\n</html>"
*************** response log end ***************

[2018-09-07T10:54:03.080] [INFO] resLogger - 
*************** response log start ***************
request method: GET
request originalUrl:  /detail2
request client ip:  ::1
request query:  {}
response time: 63
response status: 200
response body: 
"<!DOCTYPE html>\r\n<html lang=\"en\">\r\n<head>\r\n    <meta charset=\"UTF-8\">\r\n    <meta name=\"viewport\" content=\"width=device-width, initial-scale=1.0\">\r\n    <meta http-equiv=\"X-UA-Compatible\" content=\"ie=edge\">\r\n    <title>Document</title>\r\n</head>\r\n<body>\r\n    {&#34;success&#34;:true,&#34;errorCode&#34;:null,&#34;message&#34;:null,&#34;data&#34;:[{&#34;id&#34;:-1,&#34;labelName&#34;:&#34;精选&#34;},{&#34;id&#34;:48,&#34;labelName&#34;:&#34;冰箱&#34;},{&#34;id&#34;:49,&#34;labelName&#34;:&#34;洗衣机&#34;},{&#34;id&#34;:50,&#34;labelName&#34;:&#34;冷柜&#34;},{&#34;id&#34;:70,&#34;labelName&#34;:&#34;空调&#34;},{&#34;id&#34;:71,&#34;labelName&#34;:&#34;家庭保健产品&#34;},{&#34;id&#34;:72,&#34;labelName&#34;:&#34;生活家电&#34;},{&#34;id&#34;:73,&#34;labelName&#34;:&#34;电脑&#34;},{&#34;id&#34;:74,&#34;labelName&#34;:&#34;热水器&#34;},{&#34;id&#34;:75,&#34;labelName&#34;:&#34;厨房电器&#34;},{&#34;id&#34;:110,&#34;labelName&#34;:&#34;跑步机&#34;},{&#34;id&#34;:76,&#34;labelName&#34;:&#34;彩电&#34;},{&#34;id&#34;:78,&#34;labelName&#34;:&#34;水家电&#34;},{&#34;id&#34;:77,&#34;labelName&#34;:&#34;家用中央空调&#34;},{&#34;id&#34;:79,&#34;labelName&#34;:&#34;延保服务&#34;},{&#34;id&#34;:80,&#34;labelName&#34;:&#34;智能产品&#34;},{&#34;id&#34;:81,&#34;labelName&#34;:&#34;百货超市&#34;},{&#34;id&#34;:82,&#34;labelName&#34;:&#34;众筹夺宝&#34;},{&#34;id&#34;:83,&#34;labelName&#34;:&#34;永安当&#34;},{&#34;id&#34;:84,&#34;labelName&#34;:&#34;儿童用品&#34;},{&#34;id&#34;:85,&#34;labelName&#34;:&#34;电子礼品卡&#34;},{&#34;id&#34;:86,&#34;labelName&#34;:&#34;医疗冷柜&#34;}],&#34;totalCount&#34;:0}\r\n</body>\r\n</html>"
*************** response log end ***************

[2018-09-07T11:22:45.071] [INFO] resLogger - 
*************** response log start ***************
request method: GET
request originalUrl:  /detail2
request client ip:  ::1
request query:  {}
response time: 149
response status: 200
response body: 
"<!DOCTYPE html>\r\n<html lang=\"en\">\r\n<head>\r\n    <meta charset=\"UTF-8\">\r\n    <meta name=\"viewport\" content=\"width=device-width, initial-scale=1.0\">\r\n    <meta http-equiv=\"X-UA-Compatible\" content=\"ie=edge\">\r\n    <title>Document</title>\r\n</head>\r\n<body>\r\n    {&#34;success&#34;:true,&#34;errorCode&#34;:null,&#34;message&#34;:null,&#34;data&#34;:[{&#34;id&#34;:-1,&#34;labelName&#34;:&#34;精选&#34;},{&#34;id&#34;:48,&#34;labelName&#34;:&#34;冰箱&#34;},{&#34;id&#34;:49,&#34;labelName&#34;:&#34;洗衣机&#34;},{&#34;id&#34;:50,&#34;labelName&#34;:&#34;冷柜&#34;},{&#34;id&#34;:70,&#34;labelName&#34;:&#34;空调&#34;},{&#34;id&#34;:71,&#34;labelName&#34;:&#34;家庭保健产品&#34;},{&#34;id&#34;:72,&#34;labelName&#34;:&#34;生活家电&#34;},{&#34;id&#34;:73,&#34;labelName&#34;:&#34;电脑&#34;},{&#34;id&#34;:74,&#34;labelName&#34;:&#34;热水器&#34;},{&#34;id&#34;:75,&#34;labelName&#34;:&#34;厨房电器&#34;},{&#34;id&#34;:110,&#34;labelName&#34;:&#34;跑步机&#34;},{&#34;id&#34;:76,&#34;labelName&#34;:&#34;彩电&#34;},{&#34;id&#34;:78,&#34;labelName&#34;:&#34;水家电&#34;},{&#34;id&#34;:77,&#34;labelName&#34;:&#34;家用中央空调&#34;},{&#34;id&#34;:79,&#34;labelName&#34;:&#34;延保服务&#34;},{&#34;id&#34;:80,&#34;labelName&#34;:&#34;智能产品&#34;},{&#34;id&#34;:81,&#34;labelName&#34;:&#34;百货超市&#34;},{&#34;id&#34;:82,&#34;labelName&#34;:&#34;众筹夺宝&#34;},{&#34;id&#34;:83,&#34;labelName&#34;:&#34;永安当&#34;},{&#34;id&#34;:84,&#34;labelName&#34;:&#34;儿童用品&#34;},{&#34;id&#34;:85,&#34;labelName&#34;:&#34;电子礼品卡&#34;},{&#34;id&#34;:86,&#34;labelName&#34;:&#34;医疗冷柜&#34;}],&#34;totalCount&#34;:0}\r\n</body>\r\n</html>"
*************** response log end ***************

[2018-09-07T11:26:06.290] [INFO] resLogger - 
*************** response log start ***************
request method: GET
request originalUrl:  /detail2
request client ip:  ::1
request query:  {}
response time: 101
response status: 200
response body: 
"<!DOCTYPE html>\r\n<html lang=\"en\">\r\n<head>\r\n    <meta charset=\"UTF-8\">\r\n    <meta name=\"viewport\" content=\"width=device-width, initial-scale=1.0\">\r\n    <meta http-equiv=\"X-UA-Compatible\" content=\"ie=edge\">\r\n    <title>Document</title>\r\n</head>\r\n<body>\r\n    {&#34;success&#34;:true,&#34;errorCode&#34;:null,&#34;message&#34;:null,&#34;data&#34;:[{&#34;id&#34;:-1,&#34;labelName&#34;:&#34;精选&#34;},{&#34;id&#34;:48,&#34;labelName&#34;:&#34;冰箱&#34;},{&#34;id&#34;:49,&#34;labelName&#34;:&#34;洗衣机&#34;},{&#34;id&#34;:50,&#34;labelName&#34;:&#34;冷柜&#34;},{&#34;id&#34;:70,&#34;labelName&#34;:&#34;空调&#34;},{&#34;id&#34;:71,&#34;labelName&#34;:&#34;家庭保健产品&#34;},{&#34;id&#34;:72,&#34;labelName&#34;:&#34;生活家电&#34;},{&#34;id&#34;:73,&#34;labelName&#34;:&#34;电脑&#34;},{&#34;id&#34;:74,&#34;labelName&#34;:&#34;热水器&#34;},{&#34;id&#34;:75,&#34;labelName&#34;:&#34;厨房电器&#34;},{&#34;id&#34;:110,&#34;labelName&#34;:&#34;跑步机&#34;},{&#34;id&#34;:76,&#34;labelName&#34;:&#34;彩电&#34;},{&#34;id&#34;:78,&#34;labelName&#34;:&#34;水家电&#34;},{&#34;id&#34;:77,&#34;labelName&#34;:&#34;家用中央空调&#34;},{&#34;id&#34;:79,&#34;labelName&#34;:&#34;延保服务&#34;},{&#34;id&#34;:80,&#34;labelName&#34;:&#34;智能产品&#34;},{&#34;id&#34;:81,&#34;labelName&#34;:&#34;百货超市&#34;},{&#34;id&#34;:82,&#34;labelName&#34;:&#34;众筹夺宝&#34;},{&#34;id&#34;:83,&#34;labelName&#34;:&#34;永安当&#34;},{&#34;id&#34;:84,&#34;labelName&#34;:&#34;儿童用品&#34;},{&#34;id&#34;:85,&#34;labelName&#34;:&#34;电子礼品卡&#34;},{&#34;id&#34;:86,&#34;labelName&#34;:&#34;医疗冷柜&#34;}],&#34;totalCount&#34;:0}\r\n</body>\r\n</html>"
*************** response log end ***************

[2018-09-07T11:27:20.740] [INFO] resLogger - 
*************** response log start ***************
request method: GET
request originalUrl:  /detail2
request client ip:  ::1
request query:  {}
response time: 97
response status: 200
response body: 
"<!DOCTYPE html>\r\n<html lang=\"en\">\r\n<head>\r\n    <meta charset=\"UTF-8\">\r\n    <meta name=\"viewport\" content=\"width=device-width, initial-scale=1.0\">\r\n    <meta http-equiv=\"X-UA-Compatible\" content=\"ie=edge\">\r\n    <title>Document</title>\r\n</head>\r\n<body>\r\n    {&#34;success&#34;:true,&#34;errorCode&#34;:null,&#34;message&#34;:null,&#34;data&#34;:[{&#34;id&#34;:-1,&#34;labelName&#34;:&#34;精选&#34;},{&#34;id&#34;:48,&#34;labelName&#34;:&#34;冰箱&#34;},{&#34;id&#34;:49,&#34;labelName&#34;:&#34;洗衣机&#34;},{&#34;id&#34;:50,&#34;labelName&#34;:&#34;冷柜&#34;},{&#34;id&#34;:70,&#34;labelName&#34;:&#34;空调&#34;},{&#34;id&#34;:71,&#34;labelName&#34;:&#34;家庭保健产品&#34;},{&#34;id&#34;:72,&#34;labelName&#34;:&#34;生活家电&#34;},{&#34;id&#34;:73,&#34;labelName&#34;:&#34;电脑&#34;},{&#34;id&#34;:74,&#34;labelName&#34;:&#34;热水器&#34;},{&#34;id&#34;:75,&#34;labelName&#34;:&#34;厨房电器&#34;},{&#34;id&#34;:110,&#34;labelName&#34;:&#34;跑步机&#34;},{&#34;id&#34;:76,&#34;labelName&#34;:&#34;彩电&#34;},{&#34;id&#34;:78,&#34;labelName&#34;:&#34;水家电&#34;},{&#34;id&#34;:77,&#34;labelName&#34;:&#34;家用中央空调&#34;},{&#34;id&#34;:79,&#34;labelName&#34;:&#34;延保服务&#34;},{&#34;id&#34;:80,&#34;labelName&#34;:&#34;智能产品&#34;},{&#34;id&#34;:81,&#34;labelName&#34;:&#34;百货超市&#34;},{&#34;id&#34;:82,&#34;labelName&#34;:&#34;众筹夺宝&#34;},{&#34;id&#34;:83,&#34;labelName&#34;:&#34;永安当&#34;},{&#34;id&#34;:84,&#34;labelName&#34;:&#34;儿童用品&#34;},{&#34;id&#34;:85,&#34;labelName&#34;:&#34;电子礼品卡&#34;},{&#34;id&#34;:86,&#34;labelName&#34;:&#34;医疗冷柜&#34;}],&#34;totalCount&#34;:0}\r\n</body>\r\n</html>"
*************** response log end ***************

[2018-09-07T11:27:33.509] [INFO] resLogger - 
*************** response log start ***************
request method: GET
request originalUrl:  /detail2
request client ip:  ::1
request query:  {}
response time: 50
response status: 200
response body: 
"<!DOCTYPE html>\r\n<html lang=\"en\">\r\n<head>\r\n    <meta charset=\"UTF-8\">\r\n    <meta name=\"viewport\" content=\"width=device-width, initial-scale=1.0\">\r\n    <meta http-equiv=\"X-UA-Compatible\" content=\"ie=edge\">\r\n    <title>Document</title>\r\n</head>\r\n<body>\r\n    {&#34;success&#34;:true,&#34;errorCode&#34;:null,&#34;message&#34;:null,&#34;data&#34;:[{&#34;id&#34;:-1,&#34;labelName&#34;:&#34;精选&#34;},{&#34;id&#34;:48,&#34;labelName&#34;:&#34;冰箱&#34;},{&#34;id&#34;:49,&#34;labelName&#34;:&#34;洗衣机&#34;},{&#34;id&#34;:50,&#34;labelName&#34;:&#34;冷柜&#34;},{&#34;id&#34;:70,&#34;labelName&#34;:&#34;空调&#34;},{&#34;id&#34;:71,&#34;labelName&#34;:&#34;家庭保健产品&#34;},{&#34;id&#34;:72,&#34;labelName&#34;:&#34;生活家电&#34;},{&#34;id&#34;:73,&#34;labelName&#34;:&#34;电脑&#34;},{&#34;id&#34;:74,&#34;labelName&#34;:&#34;热水器&#34;},{&#34;id&#34;:75,&#34;labelName&#34;:&#34;厨房电器&#34;},{&#34;id&#34;:110,&#34;labelName&#34;:&#34;跑步机&#34;},{&#34;id&#34;:76,&#34;labelName&#34;:&#34;彩电&#34;},{&#34;id&#34;:78,&#34;labelName&#34;:&#34;水家电&#34;},{&#34;id&#34;:77,&#34;labelName&#34;:&#34;家用中央空调&#34;},{&#34;id&#34;:79,&#34;labelName&#34;:&#34;延保服务&#34;},{&#34;id&#34;:80,&#34;labelName&#34;:&#34;智能产品&#34;},{&#34;id&#34;:81,&#34;labelName&#34;:&#34;百货超市&#34;},{&#34;id&#34;:82,&#34;labelName&#34;:&#34;众筹夺宝&#34;},{&#34;id&#34;:83,&#34;labelName&#34;:&#34;永安当&#34;},{&#34;id&#34;:84,&#34;labelName&#34;:&#34;儿童用品&#34;},{&#34;id&#34;:85,&#34;labelName&#34;:&#34;电子礼品卡&#34;},{&#34;id&#34;:86,&#34;labelName&#34;:&#34;医疗冷柜&#34;}],&#34;totalCount&#34;:0}\r\n</body>\r\n</html>"
*************** response log end ***************

[2018-09-07T11:32:17.287] [INFO] resLogger - 
*************** response log start ***************
request method: GET
request originalUrl:  /detail2
request client ip:  ::1
request query:  {}
response time: 104
response status: 200
response body: 
"<!DOCTYPE html>\r\n<html lang=\"en\">\r\n<head>\r\n    <meta charset=\"UTF-8\">\r\n    <meta name=\"viewport\" content=\"width=device-width, initial-scale=1.0\">\r\n    <meta http-equiv=\"X-UA-Compatible\" content=\"ie=edge\">\r\n    <title>Document</title>\r\n</head>\r\n<body>\r\n    {&#34;success&#34;:true,&#34;errorCode&#34;:null,&#34;message&#34;:null,&#34;data&#34;:[{&#34;id&#34;:-1,&#34;labelName&#34;:&#34;精选&#34;},{&#34;id&#34;:48,&#34;labelName&#34;:&#34;冰箱&#34;},{&#34;id&#34;:49,&#34;labelName&#34;:&#34;洗衣机&#34;},{&#34;id&#34;:50,&#34;labelName&#34;:&#34;冷柜&#34;},{&#34;id&#34;:70,&#34;labelName&#34;:&#34;空调&#34;},{&#34;id&#34;:71,&#34;labelName&#34;:&#34;家庭保健产品&#34;},{&#34;id&#34;:72,&#34;labelName&#34;:&#34;生活家电&#34;},{&#34;id&#34;:73,&#34;labelName&#34;:&#34;电脑&#34;},{&#34;id&#34;:74,&#34;labelName&#34;:&#34;热水器&#34;},{&#34;id&#34;:75,&#34;labelName&#34;:&#34;厨房电器&#34;},{&#34;id&#34;:110,&#34;labelName&#34;:&#34;跑步机&#34;},{&#34;id&#34;:76,&#34;labelName&#34;:&#34;彩电&#34;},{&#34;id&#34;:78,&#34;labelName&#34;:&#34;水家电&#34;},{&#34;id&#34;:77,&#34;labelName&#34;:&#34;家用中央空调&#34;},{&#34;id&#34;:79,&#34;labelName&#34;:&#34;延保服务&#34;},{&#34;id&#34;:80,&#34;labelName&#34;:&#34;智能产品&#34;},{&#34;id&#34;:81,&#34;labelName&#34;:&#34;百货超市&#34;},{&#34;id&#34;:82,&#34;labelName&#34;:&#34;众筹夺宝&#34;},{&#34;id&#34;:83,&#34;labelName&#34;:&#34;永安当&#34;},{&#34;id&#34;:84,&#34;labelName&#34;:&#34;儿童用品&#34;},{&#34;id&#34;:85,&#34;labelName&#34;:&#34;电子礼品卡&#34;},{&#34;id&#34;:86,&#34;labelName&#34;:&#34;医疗冷柜&#34;}],&#34;totalCount&#34;:0}\r\n</body>\r\n</html>"
*************** response log end ***************

[2018-09-07T11:32:44.796] [INFO] resLogger - 
*************** response log start ***************
request method: GET
request originalUrl:  /detail2
request client ip:  ::1
request query:  {}
response time: 90
response status: 200
response body: 
"<!DOCTYPE html>\r\n<html lang=\"en\">\r\n<head>\r\n    <meta charset=\"UTF-8\">\r\n    <meta name=\"viewport\" content=\"width=device-width, initial-scale=1.0\">\r\n    <meta http-equiv=\"X-UA-Compatible\" content=\"ie=edge\">\r\n    <title>Document</title>\r\n</head>\r\n<body>\r\n    {&#34;success&#34;:true,&#34;errorCode&#34;:null,&#34;message&#34;:null,&#34;data&#34;:[{&#34;id&#34;:-1,&#34;labelName&#34;:&#34;精选&#34;},{&#34;id&#34;:48,&#34;labelName&#34;:&#34;冰箱&#34;},{&#34;id&#34;:49,&#34;labelName&#34;:&#34;洗衣机&#34;},{&#34;id&#34;:50,&#34;labelName&#34;:&#34;冷柜&#34;},{&#34;id&#34;:70,&#34;labelName&#34;:&#34;空调&#34;},{&#34;id&#34;:71,&#34;labelName&#34;:&#34;家庭保健产品&#34;},{&#34;id&#34;:72,&#34;labelName&#34;:&#34;生活家电&#34;},{&#34;id&#34;:73,&#34;labelName&#34;:&#34;电脑&#34;},{&#34;id&#34;:74,&#34;labelName&#34;:&#34;热水器&#34;},{&#34;id&#34;:75,&#34;labelName&#34;:&#34;厨房电器&#34;},{&#34;id&#34;:110,&#34;labelName&#34;:&#34;跑步机&#34;},{&#34;id&#34;:76,&#34;labelName&#34;:&#34;彩电&#34;},{&#34;id&#34;:78,&#34;labelName&#34;:&#34;水家电&#34;},{&#34;id&#34;:77,&#34;labelName&#34;:&#34;家用中央空调&#34;},{&#34;id&#34;:79,&#34;labelName&#34;:&#34;延保服务&#34;},{&#34;id&#34;:80,&#34;labelName&#34;:&#34;智能产品&#34;},{&#34;id&#34;:81,&#34;labelName&#34;:&#34;百货超市&#34;},{&#34;id&#34;:82,&#34;labelName&#34;:&#34;众筹夺宝&#34;},{&#34;id&#34;:83,&#34;labelName&#34;:&#34;永安当&#34;},{&#34;id&#34;:84,&#34;labelName&#34;:&#34;儿童用品&#34;},{&#34;id&#34;:85,&#34;labelName&#34;:&#34;电子礼品卡&#34;},{&#34;id&#34;:86,&#34;labelName&#34;:&#34;医疗冷柜&#34;}],&#34;totalCount&#34;:0}\r\n</body>\r\n</html>"
*************** response log end ***************

[2018-09-07T11:32:49.943] [INFO] resLogger - 
*************** response log start ***************
request method: GET
request originalUrl:  /detail2
request client ip:  ::1
request query:  {}
response time: 30
response status: 200
response body: 
"<!DOCTYPE html>\r\n<html lang=\"en\">\r\n<head>\r\n    <meta charset=\"UTF-8\">\r\n    <meta name=\"viewport\" content=\"width=device-width, initial-scale=1.0\">\r\n    <meta http-equiv=\"X-UA-Compatible\" content=\"ie=edge\">\r\n    <title>Document</title>\r\n</head>\r\n<body>\r\n    {&#34;success&#34;:true,&#34;errorCode&#34;:null,&#34;message&#34;:null,&#34;data&#34;:[{&#34;id&#34;:-1,&#34;labelName&#34;:&#34;精选&#34;},{&#34;id&#34;:48,&#34;labelName&#34;:&#34;冰箱&#34;},{&#34;id&#34;:49,&#34;labelName&#34;:&#34;洗衣机&#34;},{&#34;id&#34;:50,&#34;labelName&#34;:&#34;冷柜&#34;},{&#34;id&#34;:70,&#34;labelName&#34;:&#34;空调&#34;},{&#34;id&#34;:71,&#34;labelName&#34;:&#34;家庭保健产品&#34;},{&#34;id&#34;:72,&#34;labelName&#34;:&#34;生活家电&#34;},{&#34;id&#34;:73,&#34;labelName&#34;:&#34;电脑&#34;},{&#34;id&#34;:74,&#34;labelName&#34;:&#34;热水器&#34;},{&#34;id&#34;:75,&#34;labelName&#34;:&#34;厨房电器&#34;},{&#34;id&#34;:110,&#34;labelName&#34;:&#34;跑步机&#34;},{&#34;id&#34;:76,&#34;labelName&#34;:&#34;彩电&#34;},{&#34;id&#34;:78,&#34;labelName&#34;:&#34;水家电&#34;},{&#34;id&#34;:77,&#34;labelName&#34;:&#34;家用中央空调&#34;},{&#34;id&#34;:79,&#34;labelName&#34;:&#34;延保服务&#34;},{&#34;id&#34;:80,&#34;labelName&#34;:&#34;智能产品&#34;},{&#34;id&#34;:81,&#34;labelName&#34;:&#34;百货超市&#34;},{&#34;id&#34;:82,&#34;labelName&#34;:&#34;众筹夺宝&#34;},{&#34;id&#34;:83,&#34;labelName&#34;:&#34;永安当&#34;},{&#34;id&#34;:84,&#34;labelName&#34;:&#34;儿童用品&#34;},{&#34;id&#34;:85,&#34;labelName&#34;:&#34;电子礼品卡&#34;},{&#34;id&#34;:86,&#34;labelName&#34;:&#34;医疗冷柜&#34;}],&#34;totalCount&#34;:0}\r\n</body>\r\n</html>"
*************** response log end ***************

[2018-09-07T13:25:47.164] [INFO] resLogger - 
*************** response log start ***************
request method: GET
request originalUrl:  /detail2
request client ip:  ::1
request query:  {}
response time: 151
response status: 200
response body: 
"<!DOCTYPE html>\r\n<html lang=\"en\">\r\n<head>\r\n    <meta charset=\"UTF-8\">\r\n    <meta name=\"viewport\" content=\"width=device-width, initial-scale=1.0\">\r\n    <meta http-equiv=\"X-UA-Compatible\" content=\"ie=edge\">\r\n    <title>Document</title>\r\n</head>\r\n<body>\r\n    {&#34;success&#34;:true,&#34;errorCode&#34;:null,&#34;message&#34;:null,&#34;data&#34;:[{&#34;id&#34;:-1,&#34;labelName&#34;:&#34;精选&#34;},{&#34;id&#34;:48,&#34;labelName&#34;:&#34;冰箱&#34;},{&#34;id&#34;:49,&#34;labelName&#34;:&#34;洗衣机&#34;},{&#34;id&#34;:50,&#34;labelName&#34;:&#34;冷柜&#34;},{&#34;id&#34;:70,&#34;labelName&#34;:&#34;空调&#34;},{&#34;id&#34;:71,&#34;labelName&#34;:&#34;家庭保健产品&#34;},{&#34;id&#34;:72,&#34;labelName&#34;:&#34;生活家电&#34;},{&#34;id&#34;:73,&#34;labelName&#34;:&#34;电脑&#34;},{&#34;id&#34;:74,&#34;labelName&#34;:&#34;热水器&#34;},{&#34;id&#34;:75,&#34;labelName&#34;:&#34;厨房电器&#34;},{&#34;id&#34;:110,&#34;labelName&#34;:&#34;跑步机&#34;},{&#34;id&#34;:76,&#34;labelName&#34;:&#34;彩电&#34;},{&#34;id&#34;:78,&#34;labelName&#34;:&#34;水家电&#34;},{&#34;id&#34;:77,&#34;labelName&#34;:&#34;家用中央空调&#34;},{&#34;id&#34;:79,&#34;labelName&#34;:&#34;延保服务&#34;},{&#34;id&#34;:80,&#34;labelName&#34;:&#34;智能产品&#34;},{&#34;id&#34;:81,&#34;labelName&#34;:&#34;百货超市&#34;},{&#34;id&#34;:82,&#34;labelName&#34;:&#34;众筹夺宝&#34;},{&#34;id&#34;:83,&#34;labelName&#34;:&#34;永安当&#34;},{&#34;id&#34;:84,&#34;labelName&#34;:&#34;儿童用品&#34;},{&#34;id&#34;:85,&#34;labelName&#34;:&#34;电子礼品卡&#34;},{&#34;id&#34;:86,&#34;labelName&#34;:&#34;医疗冷柜&#34;}],&#34;totalCount&#34;:0}\r\n</body>\r\n</html>"
*************** response log end ***************

[2018-09-07T13:27:04.040] [INFO] resLogger - 
*************** response log start ***************
request method: GET
request originalUrl:  /detail2
request client ip:  ::1
request query:  {}
response time: 81
response status: 200
response body: 
"<!DOCTYPE html>\r\n<html lang=\"en\">\r\n<head>\r\n    <meta charset=\"UTF-8\">\r\n    <meta name=\"viewport\" content=\"width=device-width, initial-scale=1.0\">\r\n    <meta http-equiv=\"X-UA-Compatible\" content=\"ie=edge\">\r\n    <title>Document</title>\r\n</head>\r\n<body>\r\n    {&#34;success&#34;:true,&#34;errorCode&#34;:null,&#34;message&#34;:null,&#34;data&#34;:[{&#34;id&#34;:-1,&#34;labelName&#34;:&#34;精选&#34;},{&#34;id&#34;:48,&#34;labelName&#34;:&#34;冰箱&#34;},{&#34;id&#34;:49,&#34;labelName&#34;:&#34;洗衣机&#34;},{&#34;id&#34;:50,&#34;labelName&#34;:&#34;冷柜&#34;},{&#34;id&#34;:70,&#34;labelName&#34;:&#34;空调&#34;},{&#34;id&#34;:71,&#34;labelName&#34;:&#34;家庭保健产品&#34;},{&#34;id&#34;:72,&#34;labelName&#34;:&#34;生活家电&#34;},{&#34;id&#34;:73,&#34;labelName&#34;:&#34;电脑&#34;},{&#34;id&#34;:74,&#34;labelName&#34;:&#34;热水器&#34;},{&#34;id&#34;:75,&#34;labelName&#34;:&#34;厨房电器&#34;},{&#34;id&#34;:110,&#34;labelName&#34;:&#34;跑步机&#34;},{&#34;id&#34;:76,&#34;labelName&#34;:&#34;彩电&#34;},{&#34;id&#34;:78,&#34;labelName&#34;:&#34;水家电&#34;},{&#34;id&#34;:77,&#34;labelName&#34;:&#34;家用中央空调&#34;},{&#34;id&#34;:79,&#34;labelName&#34;:&#34;延保服务&#34;},{&#34;id&#34;:80,&#34;labelName&#34;:&#34;智能产品&#34;},{&#34;id&#34;:81,&#34;labelName&#34;:&#34;百货超市&#34;},{&#34;id&#34;:82,&#34;labelName&#34;:&#34;众筹夺宝&#34;},{&#34;id&#34;:83,&#34;labelName&#34;:&#34;永安当&#34;},{&#34;id&#34;:84,&#34;labelName&#34;:&#34;儿童用品&#34;},{&#34;id&#34;:85,&#34;labelName&#34;:&#34;电子礼品卡&#34;},{&#34;id&#34;:86,&#34;labelName&#34;:&#34;医疗冷柜&#34;}],&#34;totalCount&#34;:0}\r\n</body>\r\n</html>"
*************** response log end ***************

[2018-09-07T13:27:04.067] [INFO] resLogger - 
*************** response log start ***************
request method: GET
request originalUrl:  /favicon.ico
request client ip:  ::1
request query:  {}
response time: 1
response status: 404
response body: 
undefined
*************** response log end ***************

[2018-09-07T15:18:19.840] [INFO] resLogger - 
*************** response log start ***************
request method: GET
request originalUrl:  /detail2
request client ip:  ::1
request query:  {}
response time: 180
response status: 200
response body: 
"<!DOCTYPE html>\r\n<html lang=\"en\">\r\n<head>\r\n    <meta charset=\"UTF-8\">\r\n    <meta name=\"viewport\" content=\"width=device-width, initial-scale=1.0\">\r\n    <meta http-equiv=\"X-UA-Compatible\" content=\"ie=edge\">\r\n    <title>Document</title>\r\n</head>\r\n<body>\r\n    {&#34;success&#34;:true,&#34;errorCode&#34;:null,&#34;message&#34;:null,&#34;data&#34;:[{&#34;id&#34;:-1,&#34;labelName&#34;:&#34;精选&#34;},{&#34;id&#34;:48,&#34;labelName&#34;:&#34;冰箱&#34;},{&#34;id&#34;:49,&#34;labelName&#34;:&#34;洗衣机&#34;},{&#34;id&#34;:50,&#34;labelName&#34;:&#34;冷柜&#34;},{&#34;id&#34;:70,&#34;labelName&#34;:&#34;空调&#34;},{&#34;id&#34;:71,&#34;labelName&#34;:&#34;家庭保健产品&#34;},{&#34;id&#34;:72,&#34;labelName&#34;:&#34;生活家电&#34;},{&#34;id&#34;:73,&#34;labelName&#34;:&#34;电脑&#34;},{&#34;id&#34;:74,&#34;labelName&#34;:&#34;热水器&#34;},{&#34;id&#34;:75,&#34;labelName&#34;:&#34;厨房电器&#34;},{&#34;id&#34;:110,&#34;labelName&#34;:&#34;跑步机&#34;},{&#34;id&#34;:76,&#34;labelName&#34;:&#34;彩电&#34;},{&#34;id&#34;:78,&#34;labelName&#34;:&#34;水家电&#34;},{&#34;id&#34;:77,&#34;labelName&#34;:&#34;家用中央空调&#34;},{&#34;id&#34;:79,&#34;labelName&#34;:&#34;延保服务&#34;},{&#34;id&#34;:80,&#34;labelName&#34;:&#34;智能产品&#34;},{&#34;id&#34;:81,&#34;labelName&#34;:&#34;百货超市&#34;},{&#34;id&#34;:82,&#34;labelName&#34;:&#34;众筹夺宝&#34;},{&#34;id&#34;:83,&#34;labelName&#34;:&#34;永安当&#34;},{&#34;id&#34;:84,&#34;labelName&#34;:&#34;儿童用品&#34;},{&#34;id&#34;:85,&#34;labelName&#34;:&#34;电子礼品卡&#34;},{&#34;id&#34;:86,&#34;labelName&#34;:&#34;医疗冷柜&#34;}],&#34;totalCount&#34;:0}\r\n</body>\r\n</html>"
*************** response log end ***************

[2018-09-07T15:19:11.563] [INFO] resLogger - 
*************** response log start ***************
request method: GET
request originalUrl:  /detail2
request client ip:  ::1
request query:  {}
response time: 84
response status: 200
response body: 
"<!DOCTYPE html>\r\n<html lang=\"en\">\r\n<head>\r\n    <meta charset=\"UTF-8\">\r\n    <meta name=\"viewport\" content=\"width=device-width, initial-scale=1.0\">\r\n    <meta http-equiv=\"X-UA-Compatible\" content=\"ie=edge\">\r\n    <title>Document</title>\r\n</head>\r\n<body>\r\n    {&#34;success&#34;:true,&#34;errorCode&#34;:null,&#34;message&#34;:null,&#34;data&#34;:[{&#34;id&#34;:-1,&#34;labelName&#34;:&#34;精选&#34;},{&#34;id&#34;:48,&#34;labelName&#34;:&#34;冰箱&#34;},{&#34;id&#34;:49,&#34;labelName&#34;:&#34;洗衣机&#34;},{&#34;id&#34;:50,&#34;labelName&#34;:&#34;冷柜&#34;},{&#34;id&#34;:70,&#34;labelName&#34;:&#34;空调&#34;},{&#34;id&#34;:71,&#34;labelName&#34;:&#34;家庭保健产品&#34;},{&#34;id&#34;:72,&#34;labelName&#34;:&#34;生活家电&#34;},{&#34;id&#34;:73,&#34;labelName&#34;:&#34;电脑&#34;},{&#34;id&#34;:74,&#34;labelName&#34;:&#34;热水器&#34;},{&#34;id&#34;:75,&#34;labelName&#34;:&#34;厨房电器&#34;},{&#34;id&#34;:110,&#34;labelName&#34;:&#34;跑步机&#34;},{&#34;id&#34;:76,&#34;labelName&#34;:&#34;彩电&#34;},{&#34;id&#34;:78,&#34;labelName&#34;:&#34;水家电&#34;},{&#34;id&#34;:77,&#34;labelName&#34;:&#34;家用中央空调&#34;},{&#34;id&#34;:79,&#34;labelName&#34;:&#34;延保服务&#34;},{&#34;id&#34;:80,&#34;labelName&#34;:&#34;智能产品&#34;},{&#34;id&#34;:81,&#34;labelName&#34;:&#34;百货超市&#34;},{&#34;id&#34;:82,&#34;labelName&#34;:&#34;众筹夺宝&#34;},{&#34;id&#34;:83,&#34;labelName&#34;:&#34;永安当&#34;},{&#34;id&#34;:84,&#34;labelName&#34;:&#34;儿童用品&#34;},{&#34;id&#34;:85,&#34;labelName&#34;:&#34;电子礼品卡&#34;},{&#34;id&#34;:86,&#34;labelName&#34;:&#34;医疗冷柜&#34;}],&#34;totalCount&#34;:0}\r\n</body>\r\n</html>"
*************** response log end ***************

[2018-09-07T15:20:14.408] [INFO] resLogger - 
*************** response log start ***************
request method: GET
request originalUrl:  /detail2
request client ip:  ::1
request query:  {}
response time: 77
response status: 200
response body: 
"<!DOCTYPE html>\r\n<html lang=\"en\">\r\n<head>\r\n    <meta charset=\"UTF-8\">\r\n    <meta name=\"viewport\" content=\"width=device-width, initial-scale=1.0\">\r\n    <meta http-equiv=\"X-UA-Compatible\" content=\"ie=edge\">\r\n    <title>Document</title>\r\n</head>\r\n<body>\r\n    {&#34;success&#34;:true,&#34;errorCode&#34;:null,&#34;message&#34;:null,&#34;data&#34;:[{&#34;id&#34;:-1,&#34;labelName&#34;:&#34;精选&#34;},{&#34;id&#34;:48,&#34;labelName&#34;:&#34;冰箱&#34;},{&#34;id&#34;:49,&#34;labelName&#34;:&#34;洗衣机&#34;},{&#34;id&#34;:50,&#34;labelName&#34;:&#34;冷柜&#34;},{&#34;id&#34;:70,&#34;labelName&#34;:&#34;空调&#34;},{&#34;id&#34;:71,&#34;labelName&#34;:&#34;家庭保健产品&#34;},{&#34;id&#34;:72,&#34;labelName&#34;:&#34;生活家电&#34;},{&#34;id&#34;:73,&#34;labelName&#34;:&#34;电脑&#34;},{&#34;id&#34;:74,&#34;labelName&#34;:&#34;热水器&#34;},{&#34;id&#34;:75,&#34;labelName&#34;:&#34;厨房电器&#34;},{&#34;id&#34;:110,&#34;labelName&#34;:&#34;跑步机&#34;},{&#34;id&#34;:76,&#34;labelName&#34;:&#34;彩电&#34;},{&#34;id&#34;:78,&#34;labelName&#34;:&#34;水家电&#34;},{&#34;id&#34;:77,&#34;labelName&#34;:&#34;家用中央空调&#34;},{&#34;id&#34;:79,&#34;labelName&#34;:&#34;延保服务&#34;},{&#34;id&#34;:80,&#34;labelName&#34;:&#34;智能产品&#34;},{&#34;id&#34;:81,&#34;labelName&#34;:&#34;百货超市&#34;},{&#34;id&#34;:82,&#34;labelName&#34;:&#34;众筹夺宝&#34;},{&#34;id&#34;:83,&#34;labelName&#34;:&#34;永安当&#34;},{&#34;id&#34;:84,&#34;labelName&#34;:&#34;儿童用品&#34;},{&#34;id&#34;:85,&#34;labelName&#34;:&#34;电子礼品卡&#34;},{&#34;id&#34;:86,&#34;labelName&#34;:&#34;医疗冷柜&#34;}],&#34;totalCount&#34;:0}\r\n</body>\r\n</html>"
*************** response log end ***************

[2018-09-07T15:22:40.304] [INFO] resLogger - 
*************** response log start ***************
request method: GET
request originalUrl:  /detail2
request client ip:  ::1
request query:  {}
response time: 67
response status: 200
response body: 
"<!DOCTYPE html>\r\n<html lang=\"en\">\r\n<head>\r\n    <meta charset=\"UTF-8\">\r\n    <meta name=\"viewport\" content=\"width=device-width, initial-scale=1.0\">\r\n    <meta http-equiv=\"X-UA-Compatible\" content=\"ie=edge\">\r\n    <title>Document</title>\r\n</head>\r\n<body>\r\n    {&#34;success&#34;:true,&#34;errorCode&#34;:null,&#34;message&#34;:null,&#34;data&#34;:[{&#34;id&#34;:-1,&#34;labelName&#34;:&#34;精选&#34;},{&#34;id&#34;:48,&#34;labelName&#34;:&#34;冰箱&#34;},{&#34;id&#34;:49,&#34;labelName&#34;:&#34;洗衣机&#34;},{&#34;id&#34;:50,&#34;labelName&#34;:&#34;冷柜&#34;},{&#34;id&#34;:70,&#34;labelName&#34;:&#34;空调&#34;},{&#34;id&#34;:71,&#34;labelName&#34;:&#34;家庭保健产品&#34;},{&#34;id&#34;:72,&#34;labelName&#34;:&#34;生活家电&#34;},{&#34;id&#34;:73,&#34;labelName&#34;:&#34;电脑&#34;},{&#34;id&#34;:74,&#34;labelName&#34;:&#34;热水器&#34;},{&#34;id&#34;:75,&#34;labelName&#34;:&#34;厨房电器&#34;},{&#34;id&#34;:110,&#34;labelName&#34;:&#34;跑步机&#34;},{&#34;id&#34;:76,&#34;labelName&#34;:&#34;彩电&#34;},{&#34;id&#34;:78,&#34;labelName&#34;:&#34;水家电&#34;},{&#34;id&#34;:77,&#34;labelName&#34;:&#34;家用中央空调&#34;},{&#34;id&#34;:79,&#34;labelName&#34;:&#34;延保服务&#34;},{&#34;id&#34;:80,&#34;labelName&#34;:&#34;智能产品&#34;},{&#34;id&#34;:81,&#34;labelName&#34;:&#34;百货超市&#34;},{&#34;id&#34;:82,&#34;labelName&#34;:&#34;众筹夺宝&#34;},{&#34;id&#34;:83,&#34;labelName&#34;:&#34;永安当&#34;},{&#34;id&#34;:84,&#34;labelName&#34;:&#34;儿童用品&#34;},{&#34;id&#34;:85,&#34;labelName&#34;:&#34;电子礼品卡&#34;},{&#34;id&#34;:86,&#34;labelName&#34;:&#34;医疗冷柜&#34;}],&#34;totalCount&#34;:0}\r\n</body>\r\n</html>"
*************** response log end ***************

[2018-09-07T15:23:52.183] [INFO] resLogger - 
*************** response log start ***************
request method: GET
request originalUrl:  /detail2
request client ip:  ::1
request query:  {}
response time: 34
response status: 200
response body: 
"<!DOCTYPE html>\r\n<html lang=\"en\">\r\n<head>\r\n    <meta charset=\"UTF-8\">\r\n    <meta name=\"viewport\" content=\"width=device-width, initial-scale=1.0\">\r\n    <meta http-equiv=\"X-UA-Compatible\" content=\"ie=edge\">\r\n    <title>Document</title>\r\n</head>\r\n<body>\r\n    {&#34;success&#34;:true,&#34;errorCode&#34;:null,&#34;message&#34;:null,&#34;data&#34;:[{&#34;id&#34;:-1,&#34;labelName&#34;:&#34;精选&#34;},{&#34;id&#34;:48,&#34;labelName&#34;:&#34;冰箱&#34;},{&#34;id&#34;:49,&#34;labelName&#34;:&#34;洗衣机&#34;},{&#34;id&#34;:50,&#34;labelName&#34;:&#34;冷柜&#34;},{&#34;id&#34;:70,&#34;labelName&#34;:&#34;空调&#34;},{&#34;id&#34;:71,&#34;labelName&#34;:&#34;家庭保健产品&#34;},{&#34;id&#34;:72,&#34;labelName&#34;:&#34;生活家电&#34;},{&#34;id&#34;:73,&#34;labelName&#34;:&#34;电脑&#34;},{&#34;id&#34;:74,&#34;labelName&#34;:&#34;热水器&#34;},{&#34;id&#34;:75,&#34;labelName&#34;:&#34;厨房电器&#34;},{&#34;id&#34;:110,&#34;labelName&#34;:&#34;跑步机&#34;},{&#34;id&#34;:76,&#34;labelName&#34;:&#34;彩电&#34;},{&#34;id&#34;:78,&#34;labelName&#34;:&#34;水家电&#34;},{&#34;id&#34;:77,&#34;labelName&#34;:&#34;家用中央空调&#34;},{&#34;id&#34;:79,&#34;labelName&#34;:&#34;延保服务&#34;},{&#34;id&#34;:80,&#34;labelName&#34;:&#34;智能产品&#34;},{&#34;id&#34;:81,&#34;labelName&#34;:&#34;百货超市&#34;},{&#34;id&#34;:82,&#34;labelName&#34;:&#34;众筹夺宝&#34;},{&#34;id&#34;:83,&#34;labelName&#34;:&#34;永安当&#34;},{&#34;id&#34;:84,&#34;labelName&#34;:&#34;儿童用品&#34;},{&#34;id&#34;:85,&#34;labelName&#34;:&#34;电子礼品卡&#34;},{&#34;id&#34;:86,&#34;labelName&#34;:&#34;医疗冷柜&#34;}],&#34;totalCount&#34;:0}\r\n</body>\r\n</html>"
*************** response log end ***************

[2018-09-07T15:53:52.058] [INFO] resLogger - 
*************** response log start ***************
request method: GET
request originalUrl:  /detail2
request client ip:  ::1
request query:  {}
response time: 87
response status: 200
response body: 
"<!DOCTYPE html>\r\n<html lang=\"en\">\r\n<head>\r\n    <meta charset=\"UTF-8\">\r\n    <meta name=\"viewport\" content=\"width=device-width, initial-scale=1.0\">\r\n    <meta http-equiv=\"X-UA-Compatible\" content=\"ie=edge\">\r\n    <title>Document</title>\r\n</head>\r\n<body>\r\n    {&#34;success&#34;:true,&#34;errorCode&#34;:null,&#34;message&#34;:null,&#34;data&#34;:[{&#34;id&#34;:-1,&#34;labelName&#34;:&#34;精选&#34;},{&#34;id&#34;:48,&#34;labelName&#34;:&#34;冰箱&#34;},{&#34;id&#34;:49,&#34;labelName&#34;:&#34;洗衣机&#34;},{&#34;id&#34;:50,&#34;labelName&#34;:&#34;冷柜&#34;},{&#34;id&#34;:70,&#34;labelName&#34;:&#34;空调&#34;},{&#34;id&#34;:71,&#34;labelName&#34;:&#34;家庭保健产品&#34;},{&#34;id&#34;:72,&#34;labelName&#34;:&#34;生活家电&#34;},{&#34;id&#34;:73,&#34;labelName&#34;:&#34;电脑&#34;},{&#34;id&#34;:74,&#34;labelName&#34;:&#34;热水器&#34;},{&#34;id&#34;:75,&#34;labelName&#34;:&#34;厨房电器&#34;},{&#34;id&#34;:110,&#34;labelName&#34;:&#34;跑步机&#34;},{&#34;id&#34;:76,&#34;labelName&#34;:&#34;彩电&#34;},{&#34;id&#34;:78,&#34;labelName&#34;:&#34;水家电&#34;},{&#34;id&#34;:77,&#34;labelName&#34;:&#34;家用中央空调&#34;},{&#34;id&#34;:79,&#34;labelName&#34;:&#34;延保服务&#34;},{&#34;id&#34;:80,&#34;labelName&#34;:&#34;智能产品&#34;},{&#34;id&#34;:81,&#34;labelName&#34;:&#34;百货超市&#34;},{&#34;id&#34;:82,&#34;labelName&#34;:&#34;众筹夺宝&#34;},{&#34;id&#34;:83,&#34;labelName&#34;:&#34;永安当&#34;},{&#34;id&#34;:84,&#34;labelName&#34;:&#34;儿童用品&#34;},{&#34;id&#34;:85,&#34;labelName&#34;:&#34;电子礼品卡&#34;},{&#34;id&#34;:86,&#34;labelName&#34;:&#34;医疗冷柜&#34;}],&#34;totalCount&#34;:0}\r\n</body>\r\n</html>"
*************** response log end ***************

[2018-09-07T16:20:32.763] [INFO] resLogger - 
*************** response log start ***************
request method: GET
request originalUrl:  /detail2
request client ip:  ::1
request query:  {}
response time: 1342
response status: 200
response body: 
"<!DOCTYPE html>\r\n<html lang=\"en\">\r\n<head>\r\n    <meta charset=\"UTF-8\">\r\n    <meta name=\"viewport\" content=\"width=device-width, initial-scale=1.0\">\r\n    <meta http-equiv=\"X-UA-Compatible\" content=\"ie=edge\">\r\n    <title>Document</title>\r\n</head>\r\n<body>\r\n    {&#34;success&#34;:true,&#34;errorCode&#34;:null,&#34;message&#34;:null,&#34;data&#34;:[{&#34;id&#34;:-1,&#34;labelName&#34;:&#34;精选&#34;},{&#34;id&#34;:48,&#34;labelName&#34;:&#34;冰箱&#34;},{&#34;id&#34;:49,&#34;labelName&#34;:&#34;洗衣机&#34;},{&#34;id&#34;:50,&#34;labelName&#34;:&#34;冷柜&#34;},{&#34;id&#34;:70,&#34;labelName&#34;:&#34;空调&#34;},{&#34;id&#34;:71,&#34;labelName&#34;:&#34;家庭保健产品&#34;},{&#34;id&#34;:72,&#34;labelName&#34;:&#34;生活家电&#34;},{&#34;id&#34;:73,&#34;labelName&#34;:&#34;电脑&#34;},{&#34;id&#34;:74,&#34;labelName&#34;:&#34;热水器&#34;},{&#34;id&#34;:75,&#34;labelName&#34;:&#34;厨房电器&#34;},{&#34;id&#34;:110,&#34;labelName&#34;:&#34;跑步机&#34;},{&#34;id&#34;:76,&#34;labelName&#34;:&#34;彩电&#34;},{&#34;id&#34;:78,&#34;labelName&#34;:&#34;水家电&#34;},{&#34;id&#34;:77,&#34;labelName&#34;:&#34;家用中央空调&#34;},{&#34;id&#34;:79,&#34;labelName&#34;:&#34;延保服务&#34;},{&#34;id&#34;:80,&#34;labelName&#34;:&#34;智能产品&#34;},{&#34;id&#34;:81,&#34;labelName&#34;:&#34;百货超市&#34;},{&#34;id&#34;:82,&#34;labelName&#34;:&#34;众筹夺宝&#34;},{&#34;id&#34;:83,&#34;labelName&#34;:&#34;永安当&#34;},{&#34;id&#34;:84,&#34;labelName&#34;:&#34;儿童用品&#34;},{&#34;id&#34;:85,&#34;labelName&#34;:&#34;电子礼品卡&#34;},{&#34;id&#34;:86,&#34;labelName&#34;:&#34;医疗冷柜&#34;}],&#34;totalCount&#34;:0}\r\n</body>\r\n</html>"
*************** response log end ***************

[2018-09-07T16:23:15.912] [INFO] resLogger - 
*************** response log start ***************
request method: GET
request originalUrl:  /detail2
request client ip:  ::1
request query:  {}
response time: 542
response status: 200
response body: 
"<!DOCTYPE html>\r\n<html lang=\"en\">\r\n<head>\r\n    <meta charset=\"UTF-8\">\r\n    <meta name=\"viewport\" content=\"width=device-width, initial-scale=1.0\">\r\n    <meta http-equiv=\"X-UA-Compatible\" content=\"ie=edge\">\r\n    <title>Document</title>\r\n</head>\r\n<body>\r\n    {&#34;success&#34;:true,&#34;errorCode&#34;:null,&#34;message&#34;:null,&#34;data&#34;:[{&#34;id&#34;:-1,&#34;labelName&#34;:&#34;精选&#34;},{&#34;id&#34;:48,&#34;labelName&#34;:&#34;冰箱&#34;},{&#34;id&#34;:49,&#34;labelName&#34;:&#34;洗衣机&#34;},{&#34;id&#34;:50,&#34;labelName&#34;:&#34;冷柜&#34;},{&#34;id&#34;:70,&#34;labelName&#34;:&#34;空调&#34;},{&#34;id&#34;:71,&#34;labelName&#34;:&#34;家庭保健产品&#34;},{&#34;id&#34;:72,&#34;labelName&#34;:&#34;生活家电&#34;},{&#34;id&#34;:73,&#34;labelName&#34;:&#34;电脑&#34;},{&#34;id&#34;:74,&#34;labelName&#34;:&#34;热水器&#34;},{&#34;id&#34;:75,&#34;labelName&#34;:&#34;厨房电器&#34;},{&#34;id&#34;:110,&#34;labelName&#34;:&#34;跑步机&#34;},{&#34;id&#34;:76,&#34;labelName&#34;:&#34;彩电&#34;},{&#34;id&#34;:78,&#34;labelName&#34;:&#34;水家电&#34;},{&#34;id&#34;:77,&#34;labelName&#34;:&#34;家用中央空调&#34;},{&#34;id&#34;:79,&#34;labelName&#34;:&#34;延保服务&#34;},{&#34;id&#34;:80,&#34;labelName&#34;:&#34;智能产品&#34;},{&#34;id&#34;:81,&#34;labelName&#34;:&#34;百货超市&#34;},{&#34;id&#34;:82,&#34;labelName&#34;:&#34;众筹夺宝&#34;},{&#34;id&#34;:83,&#34;labelName&#34;:&#34;永安当&#34;},{&#34;id&#34;:84,&#34;labelName&#34;:&#34;儿童用品&#34;},{&#34;id&#34;:85,&#34;labelName&#34;:&#34;电子礼品卡&#34;},{&#34;id&#34;:86,&#34;labelName&#34;:&#34;医疗冷柜&#34;}],&#34;totalCount&#34;:0}\r\n</body>\r\n</html>"
*************** response log end ***************

[2018-09-07T16:23:33.578] [INFO] resLogger - 
*************** response log start ***************
request method: GET
request originalUrl:  /detail2
request client ip:  ::ffff:127.0.0.1
request query:  {}
response time: 82
response status: 200
response body: 
"<!DOCTYPE html>\r\n<html lang=\"en\">\r\n<head>\r\n    <meta charset=\"UTF-8\">\r\n    <meta name=\"viewport\" content=\"width=device-width, initial-scale=1.0\">\r\n    <meta http-equiv=\"X-UA-Compatible\" content=\"ie=edge\">\r\n    <title>Document</title>\r\n</head>\r\n<body>\r\n    {&#34;success&#34;:true,&#34;errorCode&#34;:null,&#34;message&#34;:null,&#34;data&#34;:[{&#34;id&#34;:-1,&#34;labelName&#34;:&#34;精选&#34;},{&#34;id&#34;:48,&#34;labelName&#34;:&#34;冰箱&#34;},{&#34;id&#34;:49,&#34;labelName&#34;:&#34;洗衣机&#34;},{&#34;id&#34;:50,&#34;labelName&#34;:&#34;冷柜&#34;},{&#34;id&#34;:70,&#34;labelName&#34;:&#34;空调&#34;},{&#34;id&#34;:71,&#34;labelName&#34;:&#34;家庭保健产品&#34;},{&#34;id&#34;:72,&#34;labelName&#34;:&#34;生活家电&#34;},{&#34;id&#34;:73,&#34;labelName&#34;:&#34;电脑&#34;},{&#34;id&#34;:74,&#34;labelName&#34;:&#34;热水器&#34;},{&#34;id&#34;:75,&#34;labelName&#34;:&#34;厨房电器&#34;},{&#34;id&#34;:110,&#34;labelName&#34;:&#34;跑步机&#34;},{&#34;id&#34;:76,&#34;labelName&#34;:&#34;彩电&#34;},{&#34;id&#34;:78,&#34;labelName&#34;:&#34;水家电&#34;},{&#34;id&#34;:77,&#34;labelName&#34;:&#34;家用中央空调&#34;},{&#34;id&#34;:79,&#34;labelName&#34;:&#34;延保服务&#34;},{&#34;id&#34;:80,&#34;labelName&#34;:&#34;智能产品&#34;},{&#34;id&#34;:81,&#34;labelName&#34;:&#34;百货超市&#34;},{&#34;id&#34;:82,&#34;labelName&#34;:&#34;众筹夺宝&#34;},{&#34;id&#34;:83,&#34;labelName&#34;:&#34;永安当&#34;},{&#34;id&#34;:84,&#34;labelName&#34;:&#34;儿童用品&#34;},{&#34;id&#34;:85,&#34;labelName&#34;:&#34;电子礼品卡&#34;},{&#34;id&#34;:86,&#34;labelName&#34;:&#34;医疗冷柜&#34;}],&#34;totalCount&#34;:0}\r\n</body>\r\n</html>"
*************** response log end ***************

[2018-09-07T16:25:44.451] [INFO] resLogger - 
*************** response log start ***************
request method: GET
request originalUrl:  /detail2
request client ip:  ::1
request query:  {}
response time: 146
response status: 200
response body: 
"<!DOCTYPE html>\r\n<html lang=\"en\">\r\n<head>\r\n    <meta charset=\"UTF-8\">\r\n    <meta name=\"viewport\" content=\"width=device-width, initial-scale=1.0\">\r\n    <meta http-equiv=\"X-UA-Compatible\" content=\"ie=edge\">\r\n    <title>Document</title>\r\n</head>\r\n<body>\r\n    {&#34;success&#34;:true,&#34;errorCode&#34;:null,&#34;message&#34;:null,&#34;data&#34;:[{&#34;id&#34;:-1,&#34;labelName&#34;:&#34;精选&#34;},{&#34;id&#34;:48,&#34;labelName&#34;:&#34;冰箱&#34;},{&#34;id&#34;:49,&#34;labelName&#34;:&#34;洗衣机&#34;},{&#34;id&#34;:50,&#34;labelName&#34;:&#34;冷柜&#34;},{&#34;id&#34;:70,&#34;labelName&#34;:&#34;空调&#34;},{&#34;id&#34;:71,&#34;labelName&#34;:&#34;家庭保健产品&#34;},{&#34;id&#34;:72,&#34;labelName&#34;:&#34;生活家电&#34;},{&#34;id&#34;:73,&#34;labelName&#34;:&#34;电脑&#34;},{&#34;id&#34;:74,&#34;labelName&#34;:&#34;热水器&#34;},{&#34;id&#34;:75,&#34;labelName&#34;:&#34;厨房电器&#34;},{&#34;id&#34;:110,&#34;labelName&#34;:&#34;跑步机&#34;},{&#34;id&#34;:76,&#34;labelName&#34;:&#34;彩电&#34;},{&#34;id&#34;:78,&#34;labelName&#34;:&#34;水家电&#34;},{&#34;id&#34;:77,&#34;labelName&#34;:&#34;家用中央空调&#34;},{&#34;id&#34;:79,&#34;labelName&#34;:&#34;延保服务&#34;},{&#34;id&#34;:80,&#34;labelName&#34;:&#34;智能产品&#34;},{&#34;id&#34;:81,&#34;labelName&#34;:&#34;百货超市&#34;},{&#34;id&#34;:82,&#34;labelName&#34;:&#34;众筹夺宝&#34;},{&#34;id&#34;:83,&#34;labelName&#34;:&#34;永安当&#34;},{&#34;id&#34;:84,&#34;labelName&#34;:&#34;儿童用品&#34;},{&#34;id&#34;:85,&#34;labelName&#34;:&#34;电子礼品卡&#34;},{&#34;id&#34;:86,&#34;labelName&#34;:&#34;医疗冷柜&#34;}],&#34;totalCount&#34;:0}\r\n</body>\r\n</html>"
*************** response log end ***************

[2018-09-07T16:27:02.602] [INFO] resLogger - 
*************** response log start ***************
request method: GET
request originalUrl:  /detail2
request client ip:  ::1
request query:  {}
response time: 85
response status: 200
response body: 
"<!DOCTYPE html>\r\n<html lang=\"en\">\r\n<head>\r\n    <meta charset=\"UTF-8\">\r\n    <meta name=\"viewport\" content=\"width=device-width, initial-scale=1.0\">\r\n    <meta http-equiv=\"X-UA-Compatible\" content=\"ie=edge\">\r\n    <title>Document</title>\r\n</head>\r\n<body>\r\n    {&#34;success&#34;:true,&#34;errorCode&#34;:null,&#34;message&#34;:null,&#34;data&#34;:[{&#34;id&#34;:-1,&#34;labelName&#34;:&#34;精选&#34;},{&#34;id&#34;:48,&#34;labelName&#34;:&#34;冰箱&#34;},{&#34;id&#34;:49,&#34;labelName&#34;:&#34;洗衣机&#34;},{&#34;id&#34;:50,&#34;labelName&#34;:&#34;冷柜&#34;},{&#34;id&#34;:70,&#34;labelName&#34;:&#34;空调&#34;},{&#34;id&#34;:71,&#34;labelName&#34;:&#34;家庭保健产品&#34;},{&#34;id&#34;:72,&#34;labelName&#34;:&#34;生活家电&#34;},{&#34;id&#34;:73,&#34;labelName&#34;:&#34;电脑&#34;},{&#34;id&#34;:74,&#34;labelName&#34;:&#34;热水器&#34;},{&#34;id&#34;:75,&#34;labelName&#34;:&#34;厨房电器&#34;},{&#34;id&#34;:110,&#34;labelName&#34;:&#34;跑步机&#34;},{&#34;id&#34;:76,&#34;labelName&#34;:&#34;彩电&#34;},{&#34;id&#34;:78,&#34;labelName&#34;:&#34;水家电&#34;},{&#34;id&#34;:77,&#34;labelName&#34;:&#34;家用中央空调&#34;},{&#34;id&#34;:79,&#34;labelName&#34;:&#34;延保服务&#34;},{&#34;id&#34;:80,&#34;labelName&#34;:&#34;智能产品&#34;},{&#34;id&#34;:81,&#34;labelName&#34;:&#34;百货超市&#34;},{&#34;id&#34;:82,&#34;labelName&#34;:&#34;众筹夺宝&#34;},{&#34;id&#34;:83,&#34;labelName&#34;:&#34;永安当&#34;},{&#34;id&#34;:84,&#34;labelName&#34;:&#34;儿童用品&#34;},{&#34;id&#34;:85,&#34;labelName&#34;:&#34;电子礼品卡&#34;},{&#34;id&#34;:86,&#34;labelName&#34;:&#34;医疗冷柜&#34;}],&#34;totalCount&#34;:0}\r\n</body>\r\n</html>"
*************** response log end ***************

[2018-09-07T16:28:08.813] [INFO] resLogger - 
*************** response log start ***************
request method: GET
request originalUrl:  /
request client ip:  ::1
request query:  {}
response time: 1054
response status: 200
response body: 
"<!DOCTYPE html>\r\n<html lang=\"en\">\r\n<head>\r\n    <meta charset=\"UTF-8\">\r\n    <meta name=\"viewport\" content=\"width=device-width, initial-scale=1.0\">\r\n    <meta http-equiv=\"X-UA-Compatible\" content=\"ie=edge\">\r\n    <title>Document</title>\r\n</head>\r\n<body>\r\n    {&#34;success&#34;:true,&#34;errorCode&#34;:null,&#34;message&#34;:null,&#34;data&#34;:[{&#34;id&#34;:-1,&#34;labelName&#34;:&#34;精选&#34;},{&#34;id&#34;:26,&#34;labelName&#34;:&#34;冰箱&#34;},{&#34;id&#34;:27,&#34;labelName&#34;:&#34;空调&#34;},{&#34;id&#34;:28,&#34;labelName&#34;:&#34;洗衣机&#34;},{&#34;id&#34;:29,&#34;labelName&#34;:&#34;热水器&#34;},{&#34;id&#34;:30,&#34;labelName&#34;:&#34;厨房电器&#34;},{&#34;id&#34;:31,&#34;labelName&#34;:&#34;百货超市&#34;}],&#34;totalCount&#34;:0}\r\n</body>\r\n</html>"
*************** response log end ***************

[2018-09-07T16:29:09.439] [INFO] resLogger - 
*************** response log start ***************
request method: GET
request originalUrl:  /
request client ip:  ::1
request query:  {}
response time: 51
response status: 200
response body: 
"<!DOCTYPE html>\r\n<html lang=\"en\">\r\n<head>\r\n    <meta charset=\"UTF-8\">\r\n    <meta name=\"viewport\" content=\"width=device-width, initial-scale=1.0\">\r\n    <meta http-equiv=\"X-UA-Compatible\" content=\"ie=edge\">\r\n    <title>Document</title>\r\n</head>\r\n<body>\r\n    {&#34;success&#34;:true,&#34;errorCode&#34;:null,&#34;message&#34;:null,&#34;data&#34;:[{&#34;id&#34;:-1,&#34;labelName&#34;:&#34;精选&#34;},{&#34;id&#34;:26,&#34;labelName&#34;:&#34;冰箱&#34;},{&#34;id&#34;:27,&#34;labelName&#34;:&#34;空调&#34;},{&#34;id&#34;:28,&#34;labelName&#34;:&#34;洗衣机&#34;},{&#34;id&#34;:29,&#34;labelName&#34;:&#34;热水器&#34;},{&#34;id&#34;:30,&#34;labelName&#34;:&#34;厨房电器&#34;},{&#34;id&#34;:31,&#34;labelName&#34;:&#34;百货超市&#34;}],&#34;totalCount&#34;:0}\r\n</body>\r\n</html>"
*************** response log end ***************

[2018-09-07T16:38:26.191] [INFO] resLogger - 
*************** response log start ***************
request method: GET
request originalUrl:  /
request client ip:  ::1
request query:  {}
response time: 195
response status: 200
response body: 
"<!DOCTYPE html>\r\n<html lang=\"en\">\r\n<head>\r\n    <meta charset=\"UTF-8\">\r\n    <meta name=\"viewport\" content=\"width=device-width, initial-scale=1.0\">\r\n    <meta http-equiv=\"X-UA-Compatible\" content=\"ie=edge\">\r\n    <title>Document</title>\r\n</head>\r\n<body>\r\n    {&#34;success&#34;:true,&#34;errorCode&#34;:null,&#34;message&#34;:null,&#34;data&#34;:[{&#34;id&#34;:-1,&#34;labelName&#34;:&#34;精选&#34;},{&#34;id&#34;:48,&#34;labelName&#34;:&#34;冰箱&#34;},{&#34;id&#34;:49,&#34;labelName&#34;:&#34;洗衣机&#34;},{&#34;id&#34;:50,&#34;labelName&#34;:&#34;冷柜&#34;},{&#34;id&#34;:70,&#34;labelName&#34;:&#34;空调&#34;},{&#34;id&#34;:71,&#34;labelName&#34;:&#34;家庭保健产品&#34;},{&#34;id&#34;:72,&#34;labelName&#34;:&#34;生活家电&#34;},{&#34;id&#34;:73,&#34;labelName&#34;:&#34;电脑&#34;},{&#34;id&#34;:74,&#34;labelName&#34;:&#34;热水器&#34;},{&#34;id&#34;:75,&#34;labelName&#34;:&#34;厨房电器&#34;},{&#34;id&#34;:110,&#34;labelName&#34;:&#34;跑步机&#34;},{&#34;id&#34;:76,&#34;labelName&#34;:&#34;彩电&#34;},{&#34;id&#34;:78,&#34;labelName&#34;:&#34;水家电&#34;},{&#34;id&#34;:77,&#34;labelName&#34;:&#34;家用中央空调&#34;},{&#34;id&#34;:79,&#34;labelName&#34;:&#34;延保服务&#34;},{&#34;id&#34;:80,&#34;labelName&#34;:&#34;智能产品&#34;},{&#34;id&#34;:81,&#34;labelName&#34;:&#34;百货超市&#34;},{&#34;id&#34;:82,&#34;labelName&#34;:&#34;众筹夺宝&#34;},{&#34;id&#34;:83,&#34;labelName&#34;:&#34;永安当&#34;},{&#34;id&#34;:84,&#34;labelName&#34;:&#34;儿童用品&#34;},{&#34;id&#34;:85,&#34;labelName&#34;:&#34;电子礼品卡&#34;},{&#34;id&#34;:86,&#34;labelName&#34;:&#34;医疗冷柜&#34;}],&#34;totalCount&#34;:0}\r\n</body>\r\n</html>"
*************** response log end ***************

[2018-09-07T16:38:26.220] [INFO] resLogger - 
*************** response log start ***************
request method: GET
request originalUrl:  /favicon.ico
request client ip:  ::1
request query:  {}
response time: 1
response status: 404
response body: 
undefined
*************** response log end ***************

[2018-09-07T16:39:40.362] [INFO] resLogger - 
*************** response log start ***************
request method: GET
request originalUrl:  /
request client ip:  ::1
request query:  {}
response time: 157
response status: 200
response body: 
"<!DOCTYPE html>\r\n<html lang=\"en\">\r\n<head>\r\n    <meta charset=\"UTF-8\">\r\n    <meta name=\"viewport\" content=\"width=device-width, initial-scale=1.0\">\r\n    <meta http-equiv=\"X-UA-Compatible\" content=\"ie=edge\">\r\n    <title>Document</title>\r\n</head>\r\n<body>\r\n    {&#34;success&#34;:true,&#34;errorCode&#34;:null,&#34;message&#34;:null,&#34;data&#34;:[{&#34;id&#34;:-1,&#34;labelName&#34;:&#34;精选&#34;},{&#34;id&#34;:48,&#34;labelName&#34;:&#34;冰箱&#34;},{&#34;id&#34;:49,&#34;labelName&#34;:&#34;洗衣机&#34;},{&#34;id&#34;:50,&#34;labelName&#34;:&#34;冷柜&#34;},{&#34;id&#34;:70,&#34;labelName&#34;:&#34;空调&#34;},{&#34;id&#34;:71,&#34;labelName&#34;:&#34;家庭保健产品&#34;},{&#34;id&#34;:72,&#34;labelName&#34;:&#34;生活家电&#34;},{&#34;id&#34;:73,&#34;labelName&#34;:&#34;电脑&#34;},{&#34;id&#34;:74,&#34;labelName&#34;:&#34;热水器&#34;},{&#34;id&#34;:75,&#34;labelName&#34;:&#34;厨房电器&#34;},{&#34;id&#34;:110,&#34;labelName&#34;:&#34;跑步机&#34;},{&#34;id&#34;:76,&#34;labelName&#34;:&#34;彩电&#34;},{&#34;id&#34;:78,&#34;labelName&#34;:&#34;水家电&#34;},{&#34;id&#34;:77,&#34;labelName&#34;:&#34;家用中央空调&#34;},{&#34;id&#34;:79,&#34;labelName&#34;:&#34;延保服务&#34;},{&#34;id&#34;:80,&#34;labelName&#34;:&#34;智能产品&#34;},{&#34;id&#34;:81,&#34;labelName&#34;:&#34;百货超市&#34;},{&#34;id&#34;:82,&#34;labelName&#34;:&#34;众筹夺宝&#34;},{&#34;id&#34;:83,&#34;labelName&#34;:&#34;永安当&#34;},{&#34;id&#34;:84,&#34;labelName&#34;:&#34;儿童用品&#34;},{&#34;id&#34;:85,&#34;labelName&#34;:&#34;电子礼品卡&#34;},{&#34;id&#34;:86,&#34;labelName&#34;:&#34;医疗冷柜&#34;}],&#34;totalCount&#34;:0}\r\n</body>\r\n</html>"
*************** response log end ***************

[2018-09-07T16:46:34.878] [INFO] resLogger - 
*************** response log start ***************
request method: GET
request originalUrl:  /
request client ip:  ::1
request query:  {}
response time: 59
response status: 200
response body: 
"<!DOCTYPE html>\r\n<html lang=\"en\">\r\n<head>\r\n    <meta charset=\"UTF-8\">\r\n    <meta name=\"viewport\" content=\"width=device-width, initial-scale=1.0\">\r\n    <meta http-equiv=\"X-UA-Compatible\" content=\"ie=edge\">\r\n    <title>Document</title>\r\n</head>\r\n<body>\r\n    {&#34;success&#34;:true,&#34;errorCode&#34;:null,&#34;message&#34;:null,&#34;data&#34;:[{&#34;id&#34;:-1,&#34;labelName&#34;:&#34;精选&#34;},{&#34;id&#34;:48,&#34;labelName&#34;:&#34;冰箱&#34;},{&#34;id&#34;:49,&#34;labelName&#34;:&#34;洗衣机&#34;},{&#34;id&#34;:50,&#34;labelName&#34;:&#34;冷柜&#34;},{&#34;id&#34;:70,&#34;labelName&#34;:&#34;空调&#34;},{&#34;id&#34;:71,&#34;labelName&#34;:&#34;家庭保健产品&#34;},{&#34;id&#34;:72,&#34;labelName&#34;:&#34;生活家电&#34;},{&#34;id&#34;:73,&#34;labelName&#34;:&#34;电脑&#34;},{&#34;id&#34;:74,&#34;labelName&#34;:&#34;热水器&#34;},{&#34;id&#34;:75,&#34;labelName&#34;:&#34;厨房电器&#34;},{&#34;id&#34;:110,&#34;labelName&#34;:&#34;跑步机&#34;},{&#34;id&#34;:76,&#34;labelName&#34;:&#34;彩电&#34;},{&#34;id&#34;:78,&#34;labelName&#34;:&#34;水家电&#34;},{&#34;id&#34;:77,&#34;labelName&#34;:&#34;家用中央空调&#34;},{&#34;id&#34;:79,&#34;labelName&#34;:&#34;延保服务&#34;},{&#34;id&#34;:80,&#34;labelName&#34;:&#34;智能产品&#34;},{&#34;id&#34;:81,&#34;labelName&#34;:&#34;百货超市&#34;},{&#34;id&#34;:82,&#34;labelName&#34;:&#34;众筹夺宝&#34;},{&#34;id&#34;:83,&#34;labelName&#34;:&#34;永安当&#34;},{&#34;id&#34;:84,&#34;labelName&#34;:&#34;儿童用品&#34;},{&#34;id&#34;:85,&#34;labelName&#34;:&#34;电子礼品卡&#34;},{&#34;id&#34;:86,&#34;labelName&#34;:&#34;医疗冷柜&#34;}],&#34;totalCount&#34;:0}\r\n</body>\r\n</html>"
*************** response log end ***************

[2018-09-07T16:51:51.155] [INFO] resLogger - 
*************** response log start ***************
request method: GET
request originalUrl:  /
request client ip:  ::1
request query:  {}
response time: 185
response status: 200
response body: 
"<!DOCTYPE html>\r\n<html lang=\"en\">\r\n<head>\r\n    <meta charset=\"UTF-8\">\r\n    <meta name=\"viewport\" content=\"width=device-width, initial-scale=1.0\">\r\n    <meta http-equiv=\"X-UA-Compatible\" content=\"ie=edge\">\r\n    <title>Document</title>\r\n</head>\r\n<body>\r\n    {&#34;success&#34;:true,&#34;errorCode&#34;:null,&#34;message&#34;:null,&#34;data&#34;:[{&#34;id&#34;:-1,&#34;labelName&#34;:&#34;精选&#34;},{&#34;id&#34;:48,&#34;labelName&#34;:&#34;冰箱&#34;},{&#34;id&#34;:49,&#34;labelName&#34;:&#34;洗衣机&#34;},{&#34;id&#34;:50,&#34;labelName&#34;:&#34;冷柜&#34;},{&#34;id&#34;:70,&#34;labelName&#34;:&#34;空调&#34;},{&#34;id&#34;:71,&#34;labelName&#34;:&#34;家庭保健产品&#34;},{&#34;id&#34;:72,&#34;labelName&#34;:&#34;生活家电&#34;},{&#34;id&#34;:73,&#34;labelName&#34;:&#34;电脑&#34;},{&#34;id&#34;:74,&#34;labelName&#34;:&#34;热水器&#34;},{&#34;id&#34;:75,&#34;labelName&#34;:&#34;厨房电器&#34;},{&#34;id&#34;:110,&#34;labelName&#34;:&#34;跑步机&#34;},{&#34;id&#34;:76,&#34;labelName&#34;:&#34;彩电&#34;},{&#34;id&#34;:78,&#34;labelName&#34;:&#34;水家电&#34;},{&#34;id&#34;:77,&#34;labelName&#34;:&#34;家用中央空调&#34;},{&#34;id&#34;:79,&#34;labelName&#34;:&#34;延保服务&#34;},{&#34;id&#34;:80,&#34;labelName&#34;:&#34;智能产品&#34;},{&#34;id&#34;:81,&#34;labelName&#34;:&#34;百货超市&#34;},{&#34;id&#34;:82,&#34;labelName&#34;:&#34;众筹夺宝&#34;},{&#34;id&#34;:83,&#34;labelName&#34;:&#34;永安当&#34;},{&#34;id&#34;:84,&#34;labelName&#34;:&#34;儿童用品&#34;},{&#34;id&#34;:85,&#34;labelName&#34;:&#34;电子礼品卡&#34;},{&#34;id&#34;:86,&#34;labelName&#34;:&#34;医疗冷柜&#34;}],&#34;totalCount&#34;:0}\r\n</body>\r\n</html>"
*************** response log end ***************

[2018-09-07T17:54:45.763] [INFO] resLogger - 
*************** response log start ***************
request method: GET
request originalUrl:  /
request client ip:  ::1
request query:  {}
response time: 84
response status: 200
response body: 
"<!DOCTYPE html>\r\n<html lang=\"en\">\r\n<head>\r\n    <meta charset=\"UTF-8\">\r\n    <meta name=\"viewport\" content=\"width=device-width, initial-scale=1.0\">\r\n    <meta http-equiv=\"X-UA-Compatible\" content=\"ie=edge\">\r\n    <title>Document</title>\r\n</head>\r\n<body>\r\n    {&#34;success&#34;:true,&#34;errorCode&#34;:null,&#34;message&#34;:null,&#34;data&#34;:[{&#34;id&#34;:-1,&#34;labelName&#34;:&#34;精选&#34;},{&#34;id&#34;:48,&#34;labelName&#34;:&#34;冰箱&#34;},{&#34;id&#34;:49,&#34;labelName&#34;:&#34;洗衣机&#34;},{&#34;id&#34;:50,&#34;labelName&#34;:&#34;冷柜&#34;},{&#34;id&#34;:70,&#34;labelName&#34;:&#34;空调&#34;},{&#34;id&#34;:71,&#34;labelName&#34;:&#34;家庭保健产品&#34;},{&#34;id&#34;:72,&#34;labelName&#34;:&#34;生活家电&#34;},{&#34;id&#34;:73,&#34;labelName&#34;:&#34;电脑&#34;},{&#34;id&#34;:74,&#34;labelName&#34;:&#34;热水器&#34;},{&#34;id&#34;:75,&#34;labelName&#34;:&#34;厨房电器&#34;},{&#34;id&#34;:110,&#34;labelName&#34;:&#34;跑步机&#34;},{&#34;id&#34;:76,&#34;labelName&#34;:&#34;彩电&#34;},{&#34;id&#34;:78,&#34;labelName&#34;:&#34;水家电&#34;},{&#34;id&#34;:77,&#34;labelName&#34;:&#34;家用中央空调&#34;},{&#34;id&#34;:79,&#34;labelName&#34;:&#34;延保服务&#34;},{&#34;id&#34;:80,&#34;labelName&#34;:&#34;智能产品&#34;},{&#34;id&#34;:81,&#34;labelName&#34;:&#34;百货超市&#34;},{&#34;id&#34;:82,&#34;labelName&#34;:&#34;众筹夺宝&#34;},{&#34;id&#34;:83,&#34;labelName&#34;:&#34;永安当&#34;},{&#34;id&#34;:84,&#34;labelName&#34;:&#34;儿童用品&#34;},{&#34;id&#34;:85,&#34;labelName&#34;:&#34;电子礼品卡&#34;},{&#34;id&#34;:86,&#34;labelName&#34;:&#34;医疗冷柜&#34;}],&#34;totalCount&#34;:0}\r\n</body>\r\n</html>"
*************** response log end ***************

