[2018-09-08T13:45:11.244] [ERROR] errorLogger - 
*************** error log start ***************
request method: GET
request originalUrl:  /
request client ip:  ::1
request query:  {}
response time: 43
err name: undefined
err message: undefined
err stack: undefined
*************** error log end ***************

[2018-09-08T13:46:07.311] [ERROR] errorLogger - 
*************** error log start ***************
request method: GET
request originalUrl:  /
request client ip:  ::1
request query:  {}
response time: 48
err name: undefined
err message: undefined
err stack: undefined
*************** error log end ***************

[2018-09-08T13:46:49.075] [ERROR] errorLogger - 
*************** error log start ***************
request method: GET
request originalUrl:  /
request client ip:  ::1
request query:  {}
response time: 47
err name: undefined
err message: undefined
err stack: undefined
*************** error log end ***************

[2018-09-08T13:46:50.671] [ERROR] errorLogger - 
*************** error log start ***************
request method: GET
request originalUrl:  /
request client ip:  ::1
request query:  {}
response time: 21
err name: undefined
err message: undefined
err stack: undefined
*************** error log end ***************

[2018-09-08T13:46:51.338] [ERROR] errorLogger - 
*************** error log start ***************
request method: GET
request originalUrl:  /
request client ip:  ::1
request query:  {}
response time: 18
err name: undefined
err message: undefined
err stack: undefined
*************** error log end ***************

[2018-09-08T13:46:51.549] [ERROR] errorLogger - 
*************** error log start ***************
request method: GET
request originalUrl:  /
request client ip:  ::1
request query:  {}
response time: 18
err name: undefined
err message: undefined
err stack: undefined
*************** error log end ***************

[2018-09-08T13:46:51.747] [ERROR] errorLogger - 
*************** error log start ***************
request method: GET
request originalUrl:  /
request client ip:  ::1
request query:  {}
response time: 17
err name: undefined
err message: undefined
err stack: undefined
*************** error log end ***************

[2018-09-08T13:46:51.969] [ERROR] errorLogger - 
*************** error log start ***************
request method: GET
request originalUrl:  /
request client ip:  ::1
request query:  {}
response time: 16
err name: undefined
err message: undefined
err stack: undefined
*************** error log end ***************

[2018-09-08T13:47:19.727] [ERROR] errorLogger - 
*************** error log start ***************
request method: GET
request originalUrl:  /
request client ip:  ::1
request query:  {}
response time: 81
err name: undefined
err message: undefined
err stack: undefined
*************** error log end ***************

[2018-09-08T13:47:21.520] [ERROR] errorLogger - 
*************** error log start ***************
request method: GET
request originalUrl:  /
request client ip:  ::1
request query:  {}
response time: 30
err name: undefined
err message: undefined
err stack: undefined
*************** error log end ***************

[2018-09-08T13:54:49.976] [ERROR] errorLogger - 
*************** error log start ***************
request method: GET
request originalUrl:  /
request client ip:  ::1
request query:  {}
response time: 57
err name: undefined
err message: undefined
err stack: undefined
*************** error log end ***************

[2018-09-08T13:54:51.109] [ERROR] errorLogger - 
*************** error log start ***************
request method: GET
request originalUrl:  /
request client ip:  ::1
request query:  {}
response time: 26
err name: undefined
err message: undefined
err stack: undefined
*************** error log end ***************

[2018-09-08T13:54:51.699] [ERROR] errorLogger - 
*************** error log start ***************
request method: GET
request originalUrl:  /
request client ip:  ::1
request query:  {}
response time: 28
err name: undefined
err message: undefined
err stack: undefined
*************** error log end ***************

[2018-09-08T13:54:51.910] [ERROR] errorLogger - 
*************** error log start ***************
request method: GET
request originalUrl:  /
request client ip:  ::1
request query:  {}
response time: 21
err name: undefined
err message: undefined
err stack: undefined
*************** error log end ***************

[2018-09-08T13:54:52.119] [ERROR] errorLogger - 
*************** error log start ***************
request method: GET
request originalUrl:  /
request client ip:  ::1
request query:  {}
response time: 21
err name: undefined
err message: undefined
err stack: undefined
*************** error log end ***************

