[2018-09-06T15:18:01.213] [ERROR] errorLogger - 
*************** error log start ***************
request method: GET
request originalUrl:  /
request client ip:  ::1
request query:  {}
response time: 179
err name: ReferenceError
err message: agent is not defined
err stack: ReferenceError: agent is not defined
    at GET / (D:\ysw_space\w_work\app\controller\UserController\index.js:6:47)
    at <anonymous>
    at process._tickCallback (internal/process/next_tick.js:188:7)
*************** error log end ***************

[2018-09-06T17:23:46.537] [ERROR] errorLogger - 
*************** error log start ***************
request method: GET
request originalUrl:  /
request client ip:  ::1
request query:  {}
response time: 10
err name: TypeError
err message: user.getDetailData is not a function
err stack: TypeError: user.getDetailData is not a function
    at GET / (D:\ysw_space\w_work\app\controller\UserController\index.js:5:31)
    at dispatch (D:\ysw_space\w_work\node_modules\koa-compose\index.js:44:32)
    at next (D:\ysw_space\w_work\node_modules\koa-compose\index.js:45:18)
    at D:\ysw_space\w_work\node_modules\koa-router\lib\router.js:346:16
    at dispatch (D:\ysw_space\w_work\node_modules\koa-compose\index.js:44:32)
    at D:\ysw_space\w_work\node_modules\koa-compose\index.js:36:12
    at dispatch (D:\ysw_space\w_work\node_modules\koa-router\lib\router.js:351:31)
    at dispatch (D:\ysw_space\w_work\node_modules\koa\node_modules\koa-compose\index.js:42:32)
    at views (D:\ysw_space\w_work\node_modules\koa-views\src\index.js:55:12)
    at dispatch (D:\ysw_space\w_work\node_modules\koa\node_modules\koa-compose\index.js:42:32)
    at serve (D:\ysw_space\w_work\node_modules\koa-static\index.js:53:15)
    at <anonymous>
*************** error log end ***************

[2018-09-06T17:25:13.242] [ERROR] errorLogger - 
*************** error log start ***************
request method: GET
request originalUrl:  /
request client ip:  ::1
request query:  {}
response time: 3
err name: TypeError
err message: user.getDetailData is not a function
err stack: TypeError: user.getDetailData is not a function
    at GET / (D:\ysw_space\w_work\app\controller\UserController\index.js:5:31)
    at dispatch (D:\ysw_space\w_work\node_modules\koa-compose\index.js:44:32)
    at next (D:\ysw_space\w_work\node_modules\koa-compose\index.js:45:18)
    at D:\ysw_space\w_work\node_modules\koa-router\lib\router.js:346:16
    at dispatch (D:\ysw_space\w_work\node_modules\koa-compose\index.js:44:32)
    at D:\ysw_space\w_work\node_modules\koa-compose\index.js:36:12
    at dispatch (D:\ysw_space\w_work\node_modules\koa-router\lib\router.js:351:31)
    at dispatch (D:\ysw_space\w_work\node_modules\koa\node_modules\koa-compose\index.js:42:32)
    at views (D:\ysw_space\w_work\node_modules\koa-views\src\index.js:55:12)
    at dispatch (D:\ysw_space\w_work\node_modules\koa\node_modules\koa-compose\index.js:42:32)
    at serve (D:\ysw_space\w_work\node_modules\koa-static\index.js:53:15)
    at <anonymous>
*************** error log end ***************

