[2019-04-02T10:40:13.678] [ERROR] errorLogger - 
*************** error log start ***************
request method: GET
request originalUrl:  /
request client ip:  ::1
request query:  {}
response time: 79
err name: undefined
err message: undefined
err stack: undefined
*************** error log end ***************

[2019-04-02T10:42:21.749] [ERROR] errorLogger - 
*************** error log start ***************
request method: GET
request originalUrl:  /
request client ip:  ::1
request query:  {}
response time: 16
err name: TypeError
err message: ctx.success is not a function
err stack: TypeError: ctx.success is not a function
    at GET / (E:\ysw_space\w_work\app\controller\UserController\index.js:9:17)
    at dispatch (E:\ysw_space\w_work\node_modules\koa-compose\index.js:44:32)
    at next (E:\ysw_space\w_work\node_modules\koa-compose\index.js:45:18)
    at E:\ysw_space\w_work\node_modules\koa-router\lib\router.js:346:16
    at dispatch (E:\ysw_space\w_work\node_modules\koa-compose\index.js:44:32)
    at E:\ysw_space\w_work\node_modules\koa-compose\index.js:36:12
    at dispatch (E:\ysw_space\w_work\node_modules\koa-router\lib\router.js:351:31)
    at dispatch (E:\ysw_space\w_work\node_modules\koa\node_modules\koa-compose\index.js:42:32)
    at views (E:\ysw_space\w_work\node_modules\koa-views\src\index.js:55:12)
    at dispatch (E:\ysw_space\w_work\node_modules\koa\node_modules\koa-compose\index.js:42:32)
    at serve (E:\ysw_space\w_work\node_modules\koa-static\index.js:53:15)
*************** error log end ***************

[2019-04-02T10:42:22.596] [ERROR] errorLogger - 
*************** error log start ***************
request method: GET
request originalUrl:  /
request client ip:  ::1
request query:  {}
response time: 3
err name: TypeError
err message: ctx.success is not a function
err stack: TypeError: ctx.success is not a function
    at GET / (E:\ysw_space\w_work\app\controller\UserController\index.js:9:17)
    at dispatch (E:\ysw_space\w_work\node_modules\koa-compose\index.js:44:32)
    at next (E:\ysw_space\w_work\node_modules\koa-compose\index.js:45:18)
    at E:\ysw_space\w_work\node_modules\koa-router\lib\router.js:346:16
    at dispatch (E:\ysw_space\w_work\node_modules\koa-compose\index.js:44:32)
    at E:\ysw_space\w_work\node_modules\koa-compose\index.js:36:12
    at dispatch (E:\ysw_space\w_work\node_modules\koa-router\lib\router.js:351:31)
    at dispatch (E:\ysw_space\w_work\node_modules\koa\node_modules\koa-compose\index.js:42:32)
    at views (E:\ysw_space\w_work\node_modules\koa-views\src\index.js:55:12)
    at dispatch (E:\ysw_space\w_work\node_modules\koa\node_modules\koa-compose\index.js:42:32)
    at serve (E:\ysw_space\w_work\node_modules\koa-static\index.js:53:15)
*************** error log end ***************

[2019-04-02T10:42:23.637] [ERROR] errorLogger - 
*************** error log start ***************
request method: GET
request originalUrl:  /
request client ip:  ::1
request query:  {}
response time: 2
err name: TypeError
err message: ctx.success is not a function
err stack: TypeError: ctx.success is not a function
    at GET / (E:\ysw_space\w_work\app\controller\UserController\index.js:9:17)
    at dispatch (E:\ysw_space\w_work\node_modules\koa-compose\index.js:44:32)
    at next (E:\ysw_space\w_work\node_modules\koa-compose\index.js:45:18)
    at E:\ysw_space\w_work\node_modules\koa-router\lib\router.js:346:16
    at dispatch (E:\ysw_space\w_work\node_modules\koa-compose\index.js:44:32)
    at E:\ysw_space\w_work\node_modules\koa-compose\index.js:36:12
    at dispatch (E:\ysw_space\w_work\node_modules\koa-router\lib\router.js:351:31)
    at dispatch (E:\ysw_space\w_work\node_modules\koa\node_modules\koa-compose\index.js:42:32)
    at views (E:\ysw_space\w_work\node_modules\koa-views\src\index.js:55:12)
    at dispatch (E:\ysw_space\w_work\node_modules\koa\node_modules\koa-compose\index.js:42:32)
    at serve (E:\ysw_space\w_work\node_modules\koa-static\index.js:53:15)
*************** error log end ***************

[2019-04-02T10:42:24.354] [ERROR] errorLogger - 
*************** error log start ***************
request method: GET
request originalUrl:  /
request client ip:  ::1
request query:  {}
response time: 2
err name: TypeError
err message: ctx.success is not a function
err stack: TypeError: ctx.success is not a function
    at GET / (E:\ysw_space\w_work\app\controller\UserController\index.js:9:17)
    at dispatch (E:\ysw_space\w_work\node_modules\koa-compose\index.js:44:32)
    at next (E:\ysw_space\w_work\node_modules\koa-compose\index.js:45:18)
    at E:\ysw_space\w_work\node_modules\koa-router\lib\router.js:346:16
    at dispatch (E:\ysw_space\w_work\node_modules\koa-compose\index.js:44:32)
    at E:\ysw_space\w_work\node_modules\koa-compose\index.js:36:12
    at dispatch (E:\ysw_space\w_work\node_modules\koa-router\lib\router.js:351:31)
    at dispatch (E:\ysw_space\w_work\node_modules\koa\node_modules\koa-compose\index.js:42:32)
    at views (E:\ysw_space\w_work\node_modules\koa-views\src\index.js:55:12)
    at dispatch (E:\ysw_space\w_work\node_modules\koa\node_modules\koa-compose\index.js:42:32)
    at serve (E:\ysw_space\w_work\node_modules\koa-static\index.js:53:15)
*************** error log end ***************

[2019-04-02T10:42:24.530] [ERROR] errorLogger - 
*************** error log start ***************
request method: GET
request originalUrl:  /
request client ip:  ::1
request query:  {}
response time: 2
err name: TypeError
err message: ctx.success is not a function
err stack: TypeError: ctx.success is not a function
    at GET / (E:\ysw_space\w_work\app\controller\UserController\index.js:9:17)
    at dispatch (E:\ysw_space\w_work\node_modules\koa-compose\index.js:44:32)
    at next (E:\ysw_space\w_work\node_modules\koa-compose\index.js:45:18)
    at E:\ysw_space\w_work\node_modules\koa-router\lib\router.js:346:16
    at dispatch (E:\ysw_space\w_work\node_modules\koa-compose\index.js:44:32)
    at E:\ysw_space\w_work\node_modules\koa-compose\index.js:36:12
    at dispatch (E:\ysw_space\w_work\node_modules\koa-router\lib\router.js:351:31)
    at dispatch (E:\ysw_space\w_work\node_modules\koa\node_modules\koa-compose\index.js:42:32)
    at views (E:\ysw_space\w_work\node_modules\koa-views\src\index.js:55:12)
    at dispatch (E:\ysw_space\w_work\node_modules\koa\node_modules\koa-compose\index.js:42:32)
    at serve (E:\ysw_space\w_work\node_modules\koa-static\index.js:53:15)
*************** error log end ***************

[2019-04-02T10:42:24.608] [ERROR] errorLogger - 
*************** error log start ***************
request method: GET
request originalUrl:  /
request client ip:  ::1
request query:  {}
response time: 0
err name: TypeError
err message: ctx.success is not a function
err stack: TypeError: ctx.success is not a function
    at GET / (E:\ysw_space\w_work\app\controller\UserController\index.js:9:17)
    at dispatch (E:\ysw_space\w_work\node_modules\koa-compose\index.js:44:32)
    at next (E:\ysw_space\w_work\node_modules\koa-compose\index.js:45:18)
    at E:\ysw_space\w_work\node_modules\koa-router\lib\router.js:346:16
    at dispatch (E:\ysw_space\w_work\node_modules\koa-compose\index.js:44:32)
    at E:\ysw_space\w_work\node_modules\koa-compose\index.js:36:12
    at dispatch (E:\ysw_space\w_work\node_modules\koa-router\lib\router.js:351:31)
    at dispatch (E:\ysw_space\w_work\node_modules\koa\node_modules\koa-compose\index.js:42:32)
    at views (E:\ysw_space\w_work\node_modules\koa-views\src\index.js:55:12)
    at dispatch (E:\ysw_space\w_work\node_modules\koa\node_modules\koa-compose\index.js:42:32)
    at serve (E:\ysw_space\w_work\node_modules\koa-static\index.js:53:15)
*************** error log end ***************

[2019-04-02T10:42:24.797] [ERROR] errorLogger - 
*************** error log start ***************
request method: GET
request originalUrl:  /
request client ip:  ::1
request query:  {}
response time: 2
err name: TypeError
err message: ctx.success is not a function
err stack: TypeError: ctx.success is not a function
    at GET / (E:\ysw_space\w_work\app\controller\UserController\index.js:9:17)
    at dispatch (E:\ysw_space\w_work\node_modules\koa-compose\index.js:44:32)
    at next (E:\ysw_space\w_work\node_modules\koa-compose\index.js:45:18)
    at E:\ysw_space\w_work\node_modules\koa-router\lib\router.js:346:16
    at dispatch (E:\ysw_space\w_work\node_modules\koa-compose\index.js:44:32)
    at E:\ysw_space\w_work\node_modules\koa-compose\index.js:36:12
    at dispatch (E:\ysw_space\w_work\node_modules\koa-router\lib\router.js:351:31)
    at dispatch (E:\ysw_space\w_work\node_modules\koa\node_modules\koa-compose\index.js:42:32)
    at views (E:\ysw_space\w_work\node_modules\koa-views\src\index.js:55:12)
    at dispatch (E:\ysw_space\w_work\node_modules\koa\node_modules\koa-compose\index.js:42:32)
    at serve (E:\ysw_space\w_work\node_modules\koa-static\index.js:53:15)
*************** error log end ***************

[2019-04-02T17:37:07.351] [ERROR] errorLogger - 
*************** error log start ***************
request method: GET
request originalUrl:  /favicon.ico
request client ip:  ::1
request query:  {}
response time: 3
err name: TypeError
err message: format is not a function
err stack: TypeError: format is not a function
    at next.catch (e:\ysw_space\w_work\app\index.js:80:24)
*************** error log end ***************

[2019-04-02T17:44:49.142] [ERROR] errorLogger - 
*************** error log start ***************
request method: GET
request originalUrl:  //
request client ip:  ::1
request query:  {}
response time: 5
err name: BadRequestError
err message: Malicious Path
err stack: BadRequestError: Malicious Path
    at resolvePath (e:\ysw_space\w_work\node_modules\resolve-path\index.js:78:11)
    at send (e:\ysw_space\w_work\node_modules\koa-send\index.js:68:10)
    at serve (e:\ysw_space\w_work\node_modules\koa-static\index.js:44:24)
    at dispatch (e:\ysw_space\w_work\node_modules\koa\node_modules\koa-compose\index.js:42:32)
    at app.use (e:\ysw_space\w_work\app\index.js:41:19)
    at dispatch (e:\ysw_space\w_work\node_modules\koa\node_modules\koa-compose\index.js:42:32)
    at filter (e:\ysw_space\w_work\node_modules\koa-json\index.js:25:12)
    at dispatch (e:\ysw_space\w_work\node_modules\koa\node_modules\koa-compose\index.js:42:32)
    at bodyParser (e:\ysw_space\w_work\node_modules\koa-bodyparser\index.js:86:11)
    at process._tickCallback (internal/process/next_tick.js:68:7)
*************** error log end ***************

[2019-04-02T17:45:19.464] [ERROR] errorLogger - 
*************** error log start ***************
request method: GET
request originalUrl:  //
request client ip:  ::1
request query:  {}
response time: 10
err name: BadRequestError
err message: Malicious Path
err stack: BadRequestError: Malicious Path
    at resolvePath (e:\ysw_space\w_work\node_modules\resolve-path\index.js:78:11)
    at send (e:\ysw_space\w_work\node_modules\koa-send\index.js:68:10)
    at serve (e:\ysw_space\w_work\node_modules\koa-static\index.js:44:24)
    at dispatch (e:\ysw_space\w_work\node_modules\koa\node_modules\koa-compose\index.js:42:32)
    at app.use (e:\ysw_space\w_work\app\index.js:41:19)
    at dispatch (e:\ysw_space\w_work\node_modules\koa\node_modules\koa-compose\index.js:42:32)
    at filter (e:\ysw_space\w_work\node_modules\koa-json\index.js:25:12)
    at dispatch (e:\ysw_space\w_work\node_modules\koa\node_modules\koa-compose\index.js:42:32)
    at bodyParser (e:\ysw_space\w_work\node_modules\koa-bodyparser\index.js:86:11)
    at process._tickCallback (internal/process/next_tick.js:68:7)
*************** error log end ***************

[2019-04-02T17:45:20.415] [ERROR] errorLogger - 
*************** error log start ***************
request method: GET
request originalUrl:  //
request client ip:  ::1
request query:  {}
response time: 2
err name: BadRequestError
err message: Malicious Path
err stack: BadRequestError: Malicious Path
    at resolvePath (e:\ysw_space\w_work\node_modules\resolve-path\index.js:78:11)
    at send (e:\ysw_space\w_work\node_modules\koa-send\index.js:68:10)
    at serve (e:\ysw_space\w_work\node_modules\koa-static\index.js:44:24)
    at dispatch (e:\ysw_space\w_work\node_modules\koa\node_modules\koa-compose\index.js:42:32)
    at app.use (e:\ysw_space\w_work\app\index.js:41:19)
    at dispatch (e:\ysw_space\w_work\node_modules\koa\node_modules\koa-compose\index.js:42:32)
    at filter (e:\ysw_space\w_work\node_modules\koa-json\index.js:25:12)
    at dispatch (e:\ysw_space\w_work\node_modules\koa\node_modules\koa-compose\index.js:42:32)
    at bodyParser (e:\ysw_space\w_work\node_modules\koa-bodyparser\index.js:86:11)
    at process._tickCallback (internal/process/next_tick.js:68:7)
*************** error log end ***************

[2019-04-02T17:45:21.029] [ERROR] errorLogger - 
*************** error log start ***************
request method: GET
request originalUrl:  //
request client ip:  ::1
request query:  {}
response time: 3
err name: BadRequestError
err message: Malicious Path
err stack: BadRequestError: Malicious Path
    at resolvePath (e:\ysw_space\w_work\node_modules\resolve-path\index.js:78:11)
    at send (e:\ysw_space\w_work\node_modules\koa-send\index.js:68:10)
    at serve (e:\ysw_space\w_work\node_modules\koa-static\index.js:44:24)
    at dispatch (e:\ysw_space\w_work\node_modules\koa\node_modules\koa-compose\index.js:42:32)
    at app.use (e:\ysw_space\w_work\app\index.js:41:19)
    at dispatch (e:\ysw_space\w_work\node_modules\koa\node_modules\koa-compose\index.js:42:32)
    at filter (e:\ysw_space\w_work\node_modules\koa-json\index.js:25:12)
    at dispatch (e:\ysw_space\w_work\node_modules\koa\node_modules\koa-compose\index.js:42:32)
    at bodyParser (e:\ysw_space\w_work\node_modules\koa-bodyparser\index.js:86:11)
    at process._tickCallback (internal/process/next_tick.js:68:7)
*************** error log end ***************

[2019-04-02T17:45:21.596] [ERROR] errorLogger - 
*************** error log start ***************
request method: GET
request originalUrl:  //
request client ip:  ::1
request query:  {}
response time: 3
err name: BadRequestError
err message: Malicious Path
err stack: BadRequestError: Malicious Path
    at resolvePath (e:\ysw_space\w_work\node_modules\resolve-path\index.js:78:11)
    at send (e:\ysw_space\w_work\node_modules\koa-send\index.js:68:10)
    at serve (e:\ysw_space\w_work\node_modules\koa-static\index.js:44:24)
    at dispatch (e:\ysw_space\w_work\node_modules\koa\node_modules\koa-compose\index.js:42:32)
    at app.use (e:\ysw_space\w_work\app\index.js:41:19)
    at dispatch (e:\ysw_space\w_work\node_modules\koa\node_modules\koa-compose\index.js:42:32)
    at filter (e:\ysw_space\w_work\node_modules\koa-json\index.js:25:12)
    at dispatch (e:\ysw_space\w_work\node_modules\koa\node_modules\koa-compose\index.js:42:32)
    at bodyParser (e:\ysw_space\w_work\node_modules\koa-bodyparser\index.js:86:11)
    at process._tickCallback (internal/process/next_tick.js:68:7)
*************** error log end ***************

[2019-04-02T17:45:22.338] [ERROR] errorLogger - 
*************** error log start ***************
request method: GET
request originalUrl:  //
request client ip:  ::1
request query:  {}
response time: 3
err name: BadRequestError
err message: Malicious Path
err stack: BadRequestError: Malicious Path
    at resolvePath (e:\ysw_space\w_work\node_modules\resolve-path\index.js:78:11)
    at send (e:\ysw_space\w_work\node_modules\koa-send\index.js:68:10)
    at serve (e:\ysw_space\w_work\node_modules\koa-static\index.js:44:24)
    at dispatch (e:\ysw_space\w_work\node_modules\koa\node_modules\koa-compose\index.js:42:32)
    at app.use (e:\ysw_space\w_work\app\index.js:41:19)
    at dispatch (e:\ysw_space\w_work\node_modules\koa\node_modules\koa-compose\index.js:42:32)
    at filter (e:\ysw_space\w_work\node_modules\koa-json\index.js:25:12)
    at dispatch (e:\ysw_space\w_work\node_modules\koa\node_modules\koa-compose\index.js:42:32)
    at bodyParser (e:\ysw_space\w_work\node_modules\koa-bodyparser\index.js:86:11)
    at process._tickCallback (internal/process/next_tick.js:68:7)
*************** error log end ***************

[2019-04-02T17:45:22.582] [ERROR] errorLogger - 
*************** error log start ***************
request method: GET
request originalUrl:  //
request client ip:  ::1
request query:  {}
response time: 3
err name: BadRequestError
err message: Malicious Path
err stack: BadRequestError: Malicious Path
    at resolvePath (e:\ysw_space\w_work\node_modules\resolve-path\index.js:78:11)
    at send (e:\ysw_space\w_work\node_modules\koa-send\index.js:68:10)
    at serve (e:\ysw_space\w_work\node_modules\koa-static\index.js:44:24)
    at dispatch (e:\ysw_space\w_work\node_modules\koa\node_modules\koa-compose\index.js:42:32)
    at app.use (e:\ysw_space\w_work\app\index.js:41:19)
    at dispatch (e:\ysw_space\w_work\node_modules\koa\node_modules\koa-compose\index.js:42:32)
    at filter (e:\ysw_space\w_work\node_modules\koa-json\index.js:25:12)
    at dispatch (e:\ysw_space\w_work\node_modules\koa\node_modules\koa-compose\index.js:42:32)
    at bodyParser (e:\ysw_space\w_work\node_modules\koa-bodyparser\index.js:86:11)
    at process._tickCallback (internal/process/next_tick.js:68:7)
*************** error log end ***************

[2019-04-02T17:45:22.780] [ERROR] errorLogger - 
*************** error log start ***************
request method: GET
request originalUrl:  //
request client ip:  ::1
request query:  {}
response time: 3
err name: BadRequestError
err message: Malicious Path
err stack: BadRequestError: Malicious Path
    at resolvePath (e:\ysw_space\w_work\node_modules\resolve-path\index.js:78:11)
    at send (e:\ysw_space\w_work\node_modules\koa-send\index.js:68:10)
    at serve (e:\ysw_space\w_work\node_modules\koa-static\index.js:44:24)
    at dispatch (e:\ysw_space\w_work\node_modules\koa\node_modules\koa-compose\index.js:42:32)
    at app.use (e:\ysw_space\w_work\app\index.js:41:19)
    at dispatch (e:\ysw_space\w_work\node_modules\koa\node_modules\koa-compose\index.js:42:32)
    at filter (e:\ysw_space\w_work\node_modules\koa-json\index.js:25:12)
    at dispatch (e:\ysw_space\w_work\node_modules\koa\node_modules\koa-compose\index.js:42:32)
    at bodyParser (e:\ysw_space\w_work\node_modules\koa-bodyparser\index.js:86:11)
    at process._tickCallback (internal/process/next_tick.js:68:7)
*************** error log end ***************

[2019-04-02T18:59:11.425] [ERROR] errorLogger - 
*************** error log start ***************
request method: GET
request originalUrl:  //
request client ip:  ::1
request query:  {}
response time: 5
err name: BadRequestError
err message: Malicious Path
err stack: BadRequestError: Malicious Path
    at resolvePath (e:\ysw_space\w_work\node_modules\resolve-path\index.js:78:11)
    at send (e:\ysw_space\w_work\node_modules\koa-send\index.js:68:10)
    at serve (e:\ysw_space\w_work\node_modules\koa-static\index.js:44:24)
    at dispatch (e:\ysw_space\w_work\node_modules\koa\node_modules\koa-compose\index.js:42:32)
    at app.use (e:\ysw_space\w_work\app\index.js:41:19)
    at dispatch (e:\ysw_space\w_work\node_modules\koa\node_modules\koa-compose\index.js:42:32)
    at filter (e:\ysw_space\w_work\node_modules\koa-json\index.js:25:12)
    at dispatch (e:\ysw_space\w_work\node_modules\koa\node_modules\koa-compose\index.js:42:32)
    at bodyParser (e:\ysw_space\w_work\node_modules\koa-bodyparser\index.js:86:11)
    at process._tickCallback (internal/process/next_tick.js:68:7)
*************** error log end ***************

